<?xml version="1.0" encoding="UTF-8"?>
<testsuite xmlns:xsi="http://www.w3.org/2001/XMLSchema-instance" xsi:noNamespaceSchemaLocation="https://maven.apache.org/surefire/maven-surefire-plugin/xsd/surefire-test-report.xsd" version="3.0.2" name="it.coderit.banktestapp.controller.ClassificationRuleControllerTest" time="12.668" tests="15" errors="0" skipped="0" failures="0">
  <properties>
    <property name="java.specification.version" value="21"/>
    <property name="sun.cpu.isalist" value="amd64"/>
    <property name="test.url" value="http://localhost:8081"/>
    <property name="sun.jnu.encoding" value="Cp1252"/>
    <property name="io.quarkus.security.http.test-if-basic-auth-implicitly-required" value="true"/>
    <property name="java.class.path" value="C:\Users\FedericaPanceri\progetti stage\bank-test\target\test-classes;C:\Users\FedericaPanceri\progetti stage\bank-test\target\classes;C:\Users\FedericaPanceri\.m2\repository\org\projectlombok\lombok\1.18.38\lombok-1.18.38.jar;C:\Users\FedericaPanceri\.m2\repository\io\quarkus\quarkus-flyway\3.22.3\quarkus-flyway-3.22.3.jar;C:\Users\FedericaPanceri\.m2\repository\io\quarkus\quarkus-core\3.22.3\quarkus-core-3.22.3.jar;C:\Users\FedericaPanceri\.m2\repository\jakarta\annotation\jakarta.annotation-api\3.0.0\jakarta.annotation-api-3.0.0.jar;C:\Users\FedericaPanceri\.m2\repository\jakarta\enterprise\jakarta.enterprise.cdi-api\4.1.0\jakarta.enterprise.cdi-api-4.1.0.jar;C:\Users\FedericaPanceri\.m2\repository\jakarta\enterprise\jakarta.enterprise.lang-model\4.1.0\jakarta.enterprise.lang-model-4.1.0.jar;C:\Users\FedericaPanceri\.m2\repository\jakarta\interceptor\jakarta.interceptor-api\2.2.0\jakarta.interceptor-api-2.2.0.jar;C:\Users\FedericaPanceri\.m2\repository\jakarta\inject\jakarta.inject-api\2.0.1\jakarta.inject-api-2.0.1.jar;C:\Users\FedericaPanceri\.m2\repository\io\smallrye\common\smallrye-common-os\2.12.0\smallrye-common-os-2.12.0.jar;C:\Users\FedericaPanceri\.m2\repository\io\quarkus\quarkus-ide-launcher\3.22.3\quarkus-ide-launcher-3.22.3.jar;C:\Users\FedericaPanceri\.m2\repository\io\quarkus\quarkus-development-mode-spi\3.22.3\quarkus-development-mode-spi-3.22.3.jar;C:\Users\FedericaPanceri\.m2\repository\io\smallrye\config\smallrye-config\3.12.4\smallrye-config-3.12.4.jar;C:\Users\FedericaPanceri\.m2\repository\io\smallrye\config\smallrye-config-core\3.12.4\smallrye-config-core-3.12.4.jar;C:\Users\FedericaPanceri\.m2\repository\io\smallrye\config\smallrye-config-common\3.12.4\smallrye-config-common-3.12.4.jar;C:\Users\FedericaPanceri\.m2\repository\org\jboss\logging\jboss-logging\3.6.1.Final\jboss-logging-3.6.1.Final.jar;C:\Users\FedericaPanceri\.m2\repository\org\jboss\logmanager\jboss-logmanager\3.1.2.Final\jboss-logmanager-3.1.2.Final.jar;C:\Users\FedericaPanceri\.m2\repository\io\smallrye\common\smallrye-common-constraint\2.12.0\smallrye-common-constraint-2.12.0.jar;C:\Users\FedericaPanceri\.m2\repository\io\smallrye\common\smallrye-common-cpu\2.12.0\smallrye-common-cpu-2.12.0.jar;C:\Users\FedericaPanceri\.m2\repository\io\smallrye\common\smallrye-common-expression\2.12.0\smallrye-common-expression-2.12.0.jar;C:\Users\FedericaPanceri\.m2\repository\io\smallrye\common\smallrye-common-net\2.12.0\smallrye-common-net-2.12.0.jar;C:\Users\FedericaPanceri\.m2\repository\io\smallrye\common\smallrye-common-ref\2.12.0\smallrye-common-ref-2.12.0.jar;C:\Users\FedericaPanceri\.m2\repository\jakarta\json\jakarta.json-api\2.1.3\jakarta.json-api-2.1.3.jar;C:\Users\FedericaPanceri\.m2\repository\org\jboss\threads\jboss-threads\3.8.0.Final\jboss-threads-3.8.0.Final.jar;C:\Users\FedericaPanceri\.m2\repository\io\smallrye\common\smallrye-common-function\2.12.0\smallrye-common-function-2.12.0.jar;C:\Users\FedericaPanceri\.m2\repository\org\slf4j\slf4j-api\2.0.6\slf4j-api-2.0.6.jar;C:\Users\FedericaPanceri\.m2\repository\org\wildfly\common\wildfly-common\2.0.1\wildfly-common-2.0.1.jar;C:\Users\FedericaPanceri\.m2\repository\io\quarkus\quarkus-bootstrap-runner\3.22.3\quarkus-bootstrap-runner-3.22.3.jar;C:\Users\FedericaPanceri\.m2\repository\io\quarkus\quarkus-fs-util\1.0.0\quarkus-fs-util-1.0.0.jar;C:\Users\FedericaPanceri\.m2\repository\org\flywaydb\flyway-core\11.7.1\flyway-core-11.7.1.jar;C:\Users\FedericaPanceri\.m2\repository\com\fasterxml\jackson\dataformat\jackson-dataformat-toml\2.18.3\jackson-dataformat-toml-2.18.3.jar;C:\Users\FedericaPanceri\.m2\repository\org\antlr\antlr4-runtime\4.13.0\antlr4-runtime-4.13.0.jar;C:\Users\FedericaPanceri\.m2\repository\io\quarkus\quarkus-agroal\3.22.3\quarkus-agroal-3.22.3.jar;C:\Users\FedericaPanceri\.m2\repository\io\quarkus\quarkus-datasource\3.22.3\quarkus-datasource-3.22.3.jar;C:\Users\FedericaPanceri\.m2\repository\io\agroal\agroal-api\2.6\agroal-api-2.6.jar;C:\Users\FedericaPanceri\.m2\repository\io\agroal\agroal-narayana\2.6\agroal-narayana-2.6.jar;C:\Users\FedericaPanceri\.m2\repository\org\jboss\jboss-transaction-spi\8.0.0.Final\jboss-transaction-spi-8.0.0.Final.jar;C:\Users\FedericaPanceri\.m2\repository\io\agroal\agroal-pool\2.6\agroal-pool-2.6.jar;C:\Users\FedericaPanceri\.m2\repository\io\quarkus\quarkus-credentials\3.22.3\quarkus-credentials-3.22.3.jar;C:\Users\FedericaPanceri\.m2\repository\io\quarkus\quarkus-narayana-jta\3.22.3\quarkus-narayana-jta-3.22.3.jar;C:\Users\FedericaPanceri\.m2\repository\io\quarkus\quarkus-transaction-annotations\3.22.3\quarkus-transaction-annotations-3.22.3.jar;C:\Users\FedericaPanceri\.m2\repository\io\smallrye\smallrye-context-propagation-jta\2.2.1\smallrye-context-propagation-jta-2.2.1.jar;C:\Users\FedericaPanceri\.m2\repository\io\smallrye\reactive\smallrye-reactive-converter-api\3.0.3\smallrye-reactive-converter-api-3.0.3.jar;C:\Users\FedericaPanceri\.m2\repository\org\reactivestreams\reactive-streams\1.0.4\reactive-streams-1.0.4.jar;C:\Users\FedericaPanceri\.m2\repository\io\smallrye\reactive\smallrye-reactive-converter-mutiny\3.0.3\smallrye-reactive-converter-mutiny-3.0.3.jar;C:\Users\FedericaPanceri\.m2\repository\io\smallrye\reactive\mutiny-zero-flow-adapters\1.1.1\mutiny-zero-flow-adapters-1.1.1.jar;C:\Users\FedericaPanceri\.m2\repository\org\jboss\narayana\jta\narayana-jta\7.2.2.Final\narayana-jta-7.2.2.Final.jar;C:\Users\FedericaPanceri\.m2\repository\jakarta\resource\jakarta.resource-api\2.1.0\jakarta.resource-api-2.1.0.jar;C:\Users\FedericaPanceri\.m2\repository\org\jboss\invocation\jboss-invocation\2.0.0.Final\jboss-invocation-2.0.0.Final.jar;C:\Users\FedericaPanceri\.m2\repository\org\eclipse\microprofile\reactive-streams-operators\microprofile-reactive-streams-operators-api\3.0.1\microprofile-reactive-streams-operators-api-3.0.1.jar;C:\Users\FedericaPanceri\.m2\repository\org\jboss\narayana\jts\narayana-jts-integration\7.2.2.Final\narayana-jts-integration-7.2.2.Final.jar;C:\Users\FedericaPanceri\.m2\repository\io\quarkus\quarkus-datasource-common\3.22.3\quarkus-datasource-common-3.22.3.jar;C:\Users\FedericaPanceri\.m2\repository\io\quarkus\quarkus-smallrye-openapi\3.22.3\quarkus-smallrye-openapi-3.22.3.jar;C:\Users\FedericaPanceri\.m2\repository\io\smallrye\smallrye-open-api-core\4.0.10\smallrye-open-api-core-4.0.10.jar;C:\Users\FedericaPanceri\.m2\repository\org\eclipse\microprofile\openapi\microprofile-openapi-api\4.0.2\microprofile-openapi-api-4.0.2.jar;C:\Users\FedericaPanceri\.m2\repository\org\eclipse\microprofile\config\microprofile-config-api\3.1\microprofile-config-api-3.1.jar;C:\Users\FedericaPanceri\.m2\repository\io\smallrye\smallrye-open-api-model\4.0.10\smallrye-open-api-model-4.0.10.jar;C:\Users\FedericaPanceri\.m2\repository\com\fasterxml\jackson\core\jackson-core\2.18.3\jackson-core-2.18.3.jar;C:\Users\FedericaPanceri\.m2\repository\com\fasterxml\jackson\dataformat\jackson-dataformat-yaml\2.18.3\jackson-dataformat-yaml-2.18.3.jar;C:\Users\FedericaPanceri\.m2\repository\org\yaml\snakeyaml\2.4\snakeyaml-2.4.jar;C:\Users\FedericaPanceri\.m2\repository\io\smallrye\jandex\3.3.1\jandex-3.3.1.jar;C:\Users\FedericaPanceri\.m2\repository\io\smallrye\common\smallrye-common-classloader\2.12.0\smallrye-common-classloader-2.12.0.jar;C:\Users\FedericaPanceri\.m2\repository\io\quarkus\quarkus-vertx-http\3.22.3\quarkus-vertx-http-3.22.3.jar;C:\Users\FedericaPanceri\.m2\repository\io\quarkus\quarkus-security-runtime-spi\3.22.3\quarkus-security-runtime-spi-3.22.3.jar;C:\Users\FedericaPanceri\.m2\repository\io\quarkus\quarkus-tls-registry\3.22.3\quarkus-tls-registry-3.22.3.jar;C:\Users\FedericaPanceri\.m2\repository\io\quarkus\quarkus-tls-registry-spi\3.22.3\quarkus-tls-registry-spi-3.22.3.jar;C:\Users\FedericaPanceri\.m2\repository\io\smallrye\certs\smallrye-private-key-pem-parser\0.9.2\smallrye-private-key-pem-parser-0.9.2.jar;C:\Users\FedericaPanceri\.m2\repository\io\smallrye\common\smallrye-common-vertx-context\2.12.0\smallrye-common-vertx-context-2.12.0.jar;C:\Users\FedericaPanceri\.m2\repository\io\quarkus\security\quarkus-security\2.2.1\quarkus-security-2.2.1.jar;C:\Users\FedericaPanceri\.m2\repository\io\smallrye\reactive\smallrye-mutiny-vertx-web\3.18.1\smallrye-mutiny-vertx-web-3.18.1.jar;C:\Users\FedericaPanceri\.m2\repository\io\smallrye\reactive\smallrye-mutiny-vertx-web-common\3.18.1\smallrye-mutiny-vertx-web-common-3.18.1.jar;C:\Users\FedericaPanceri\.m2\repository\io\smallrye\reactive\smallrye-mutiny-vertx-auth-common\3.18.1\smallrye-mutiny-vertx-auth-common-3.18.1.jar;C:\Users\FedericaPanceri\.m2\repository\io\smallrye\reactive\smallrye-mutiny-vertx-bridge-common\3.18.1\smallrye-mutiny-vertx-bridge-common-3.18.1.jar;C:\Users\FedericaPanceri\.m2\repository\io\smallrye\reactive\smallrye-mutiny-vertx-uri-template\3.18.1\smallrye-mutiny-vertx-uri-template-3.18.1.jar;C:\Users\FedericaPanceri\.m2\repository\io\vertx\vertx-uri-template\4.5.14\vertx-uri-template-4.5.14.jar;C:\Users\FedericaPanceri\.m2\repository\io\vertx\vertx-web\4.5.14\vertx-web-4.5.14.jar;C:\Users\FedericaPanceri\.m2\repository\io\vertx\vertx-web-common\4.5.14\vertx-web-common-4.5.14.jar;C:\Users\FedericaPanceri\.m2\repository\io\vertx\vertx-auth-common\4.5.14\vertx-auth-common-4.5.14.jar;C:\Users\FedericaPanceri\.m2\repository\io\vertx\vertx-bridge-common\4.5.14\vertx-bridge-common-4.5.14.jar;C:\Users\FedericaPanceri\.m2\repository\io\github\crac\org-crac\0.1.3\org-crac-0.1.3.jar;C:\Users\FedericaPanceri\.m2\repository\com\aayushatharva\brotli4j\brotli4j\1.16.0\brotli4j-1.16.0.jar;C:\Users\FedericaPanceri\.m2\repository\com\aayushatharva\brotli4j\service\1.16.0\service-1.16.0.jar;C:\Users\FedericaPanceri\.m2\repository\com\aayushatharva\brotli4j\native-windows-x86_64\1.16.0\native-windows-x86_64-1.16.0.jar;C:\Users\FedericaPanceri\.m2\repository\io\quarkus\quarkus-swagger-ui\3.22.3\quarkus-swagger-ui-3.22.3.jar;C:\Users\FedericaPanceri\.m2\repository\io\quarkus\quarkus-hibernate-orm-panache\3.22.3\quarkus-hibernate-orm-panache-3.22.3.jar;C:\Users\FedericaPanceri\.m2\repository\io\quarkus\quarkus-hibernate-orm-panache-common\3.22.3\quarkus-hibernate-orm-panache-common-3.22.3.jar;C:\Users\FedericaPanceri\.m2\repository\io\quarkus\quarkus-panache-hibernate-common\3.22.3\quarkus-panache-hibernate-common-3.22.3.jar;C:\Users\FedericaPanceri\.m2\repository\io\quarkus\quarkus-panache-common\3.22.3\quarkus-panache-common-3.22.3.jar;C:\Users\FedericaPanceri\.m2\repository\io\quarkus\quarkus-jackson\3.22.3\quarkus-jackson-3.22.3.jar;C:\Users\FedericaPanceri\.m2\repository\com\fasterxml\jackson\core\jackson-databind\2.18.3\jackson-databind-2.18.3.jar;C:\Users\FedericaPanceri\.m2\repository\com\fasterxml\jackson\core\jackson-annotations\2.18.3\jackson-annotations-2.18.3.jar;C:\Users\FedericaPanceri\.m2\repository\com\fasterxml\jackson\datatype\jackson-datatype-jsr310\2.18.3\jackson-datatype-jsr310-2.18.3.jar;C:\Users\FedericaPanceri\.m2\repository\com\fasterxml\jackson\datatype\jackson-datatype-jdk8\2.18.3\jackson-datatype-jdk8-2.18.3.jar;C:\Users\FedericaPanceri\.m2\repository\com\fasterxml\jackson\module\jackson-module-parameter-names\2.18.3\jackson-module-parameter-names-2.18.3.jar;C:\Users\FedericaPanceri\.m2\repository\io\quarkus\quarkus-scheduler\3.22.3\quarkus-scheduler-3.22.3.jar;C:\Users\FedericaPanceri\.m2\repository\io\quarkus\quarkus-scheduler-kotlin\3.22.3\quarkus-scheduler-kotlin-3.22.3.jar;C:\Users\FedericaPanceri\.m2\repository\io\quarkus\quarkus-scheduler-common\3.22.3\quarkus-scheduler-common-3.22.3.jar;C:\Users\FedericaPanceri\.m2\repository\io\quarkus\quarkus-scheduler-api\3.22.3\quarkus-scheduler-api-3.22.3.jar;C:\Users\FedericaPanceri\.m2\repository\io\quarkus\quarkus-scheduler-spi\3.22.3\quarkus-scheduler-spi-3.22.3.jar;C:\Users\FedericaPanceri\.m2\repository\io\opentelemetry\instrumentation\opentelemetry-instrumentation-api\2.10.0\opentelemetry-instrumentation-api-2.10.0.jar;C:\Users\FedericaPanceri\.m2\repository\io\opentelemetry\opentelemetry-api\1.44.1\opentelemetry-api-1.44.1.jar;C:\Users\FedericaPanceri\.m2\repository\io\opentelemetry\opentelemetry-context\1.44.1\opentelemetry-context-1.44.1.jar;C:\Users\FedericaPanceri\.m2\repository\io\opentelemetry\opentelemetry-api-incubator\1.44.1-alpha\opentelemetry-api-incubator-1.44.1-alpha.jar;C:\Users\FedericaPanceri\.m2\repository\io\opentelemetry\semconv\opentelemetry-semconv\1.28.0-alpha\opentelemetry-semconv-1.28.0-alpha.jar;C:\Users\FedericaPanceri\.m2\repository\com\cronutils\cron-utils\9.2.1\cron-utils-9.2.1.jar;C:\Users\FedericaPanceri\.m2\repository\io\quarkus\quarkus-virtual-threads\3.22.3\quarkus-virtual-threads-3.22.3.jar;C:\Users\FedericaPanceri\.m2\repository\io\vertx\vertx-core\4.5.14\vertx-core-4.5.14.jar;C:\Users\FedericaPanceri\.m2\repository\io\netty\netty-common\4.1.119.Final\netty-common-4.1.119.Final.jar;C:\Users\FedericaPanceri\.m2\repository\io\netty\netty-buffer\4.1.119.Final\netty-buffer-4.1.119.Final.jar;C:\Users\FedericaPanceri\.m2\repository\io\netty\netty-transport\4.1.119.Final\netty-transport-4.1.119.Final.jar;C:\Users\FedericaPanceri\.m2\repository\io\netty\netty-handler\4.1.119.Final\netty-handler-4.1.119.Final.jar;C:\Users\FedericaPanceri\.m2\repository\io\netty\netty-transport-native-unix-common\4.1.119.Final\netty-transport-native-unix-common-4.1.119.Final.jar;C:\Users\FedericaPanceri\.m2\repository\io\netty\netty-handler-proxy\4.1.119.Final\netty-handler-proxy-4.1.119.Final.jar;C:\Users\FedericaPanceri\.m2\repository\io\netty\netty-codec-socks\4.1.119.Final\netty-codec-socks-4.1.119.Final.jar;C:\Users\FedericaPanceri\.m2\repository\io\netty\netty-codec-http\4.1.119.Final\netty-codec-http-4.1.119.Final.jar;C:\Users\FedericaPanceri\.m2\repository\io\netty\netty-codec-http2\4.1.119.Final\netty-codec-http2-4.1.119.Final.jar;C:\Users\FedericaPanceri\.m2\repository\io\netty\netty-resolver\4.1.119.Final\netty-resolver-4.1.119.Final.jar;C:\Users\FedericaPanceri\.m2\repository\io\netty\netty-resolver-dns\4.1.119.Final\netty-resolver-dns-4.1.119.Final.jar;C:\Users\FedericaPanceri\.m2\repository\io\netty\netty-codec-dns\4.1.119.Final\netty-codec-dns-4.1.119.Final.jar;C:\Users\FedericaPanceri\.m2\repository\io\quarkus\quarkus-vertx\3.22.3\quarkus-vertx-3.22.3.jar;C:\Users\FedericaPanceri\.m2\repository\io\quarkus\quarkus-netty\3.22.3\quarkus-netty-3.22.3.jar;C:\Users\FedericaPanceri\.m2\repository\io\netty\netty-codec\4.1.119.Final\netty-codec-4.1.119.Final.jar;C:\Users\FedericaPanceri\.m2\repository\io\netty\netty-codec-haproxy\4.1.119.Final\netty-codec-haproxy-4.1.119.Final.jar;C:\Users\FedericaPanceri\.m2\repository\io\smallrye\common\smallrye-common-annotation\2.12.0\smallrye-common-annotation-2.12.0.jar;C:\Users\FedericaPanceri\.m2\repository\io\quarkus\quarkus-vertx-latebound-mdc-provider\3.22.3\quarkus-vertx-latebound-mdc-provider-3.22.3.jar;C:\Users\FedericaPanceri\.m2\repository\io\smallrye\reactive\smallrye-mutiny-vertx-core\3.18.1\smallrye-mutiny-vertx-core-3.18.1.jar;C:\Users\FedericaPanceri\.m2\repository\io\smallrye\reactive\smallrye-mutiny-vertx-runtime\3.18.1\smallrye-mutiny-vertx-runtime-3.18.1.jar;C:\Users\FedericaPanceri\.m2\repository\io\smallrye\reactive\vertx-mutiny-generator\3.18.1\vertx-mutiny-generator-3.18.1.jar;C:\Users\FedericaPanceri\.m2\repository\io\vertx\vertx-codegen\4.5.14\vertx-codegen-4.5.14.jar;C:\Users\FedericaPanceri\.m2\repository\io\smallrye\smallrye-fault-tolerance-vertx\6.9.1\smallrye-fault-tolerance-vertx-6.9.1.jar;C:\Users\FedericaPanceri\.m2\repository\org\jboss\slf4j\slf4j-jboss-logmanager\2.0.0.Final\slf4j-jboss-logmanager-2.0.0.Final.jar;C:\Users\FedericaPanceri\.m2\repository\org\glassfish\expressly\expressly\5.0.0\expressly-5.0.0.jar;C:\Users\FedericaPanceri\.m2\repository\jakarta\el\jakarta.el-api\5.0.1\jakarta.el-api-5.0.1.jar;C:\Users\FedericaPanceri\.m2\repository\io\quarkus\quarkus-jdbc-postgresql\3.22.3\quarkus-jdbc-postgresql-3.22.3.jar;C:\Users\FedericaPanceri\.m2\repository\org\postgresql\postgresql\42.7.5\postgresql-42.7.5.jar;C:\Users\FedericaPanceri\.m2\repository\io\quarkus\quarkus-jdbc-h2\3.22.3\quarkus-jdbc-h2-3.22.3.jar;C:\Users\FedericaPanceri\.m2\repository\org\locationtech\jts\jts-core\1.19.0\jts-core-1.19.0.jar;C:\Users\FedericaPanceri\.m2\repository\com\h2database\h2\2.3.230\h2-2.3.230.jar;C:\Users\FedericaPanceri\.m2\repository\io\quarkus\quarkus-arc\3.22.3\quarkus-arc-3.22.3.jar;C:\Users\FedericaPanceri\.m2\repository\io\quarkus\arc\arc\3.22.3\arc-3.22.3.jar;C:\Users\FedericaPanceri\.m2\repository\io\smallrye\reactive\mutiny\2.8.0\mutiny-2.8.0.jar;C:\Users\FedericaPanceri\.m2\repository\org\jctools\jctools-core\4.0.5\jctools-core-4.0.5.jar;C:\Users\FedericaPanceri\.m2\repository\org\eclipse\microprofile\context-propagation\microprofile-context-propagation-api\1.3\microprofile-context-propagation-api-1.3.jar;C:\Users\FedericaPanceri\.m2\repository\io\quarkus\quarkus-hibernate-orm\3.22.3\quarkus-hibernate-orm-3.22.3.jar;C:\Users\FedericaPanceri\.m2\repository\org\hibernate\orm\hibernate-core\6.6.14.Final\hibernate-core-6.6.14.Final.jar;C:\Users\FedericaPanceri\.m2\repository\com\fasterxml\classmate\1.7.0\classmate-1.7.0.jar;C:\Users\FedericaPanceri\.m2\repository\net\bytebuddy\byte-buddy\1.15.11\byte-buddy-1.15.11.jar;C:\Users\FedericaPanceri\.m2\repository\org\hibernate\common\hibernate-commons-annotations\7.0.3.Final\hibernate-commons-annotations-7.0.3.Final.jar;C:\Users\FedericaPanceri\.m2\repository\org\hibernate\orm\hibernate-graalvm\6.6.14.Final\hibernate-graalvm-6.6.14.Final.jar;C:\Users\FedericaPanceri\.m2\repository\org\glassfish\jaxb\jaxb-runtime\4.0.5\jaxb-runtime-4.0.5.jar;C:\Users\FedericaPanceri\.m2\repository\org\glassfish\jaxb\jaxb-core\4.0.5\jaxb-core-4.0.5.jar;C:\Users\FedericaPanceri\.m2\repository\org\eclipse\angus\angus-activation\2.0.2\angus-activation-2.0.2.jar;C:\Users\FedericaPanceri\.m2\repository\org\glassfish\jaxb\txw2\4.0.5\txw2-4.0.5.jar;C:\Users\FedericaPanceri\.m2\repository\com\sun\istack\istack-commons-runtime\4.1.2\istack-commons-runtime-4.1.2.jar;C:\Users\FedericaPanceri\.m2\repository\jakarta\xml\bind\jakarta.xml.bind-api\4.0.2\jakarta.xml.bind-api-4.0.2.jar;C:\Users\FedericaPanceri\.m2\repository\jakarta\activation\jakarta.activation-api\2.1.3\jakarta.activation-api-2.1.3.jar;C:\Users\FedericaPanceri\.m2\repository\jakarta\persistence\jakarta.persistence-api\3.1.0\jakarta.persistence-api-3.1.0.jar;C:\Users\FedericaPanceri\.m2\repository\jakarta\transaction\jakarta.transaction-api\2.0.1\jakarta.transaction-api-2.0.1.jar;C:\Users\FedericaPanceri\.m2\repository\org\hibernate\quarkus-local-cache\0.3.1\quarkus-local-cache-0.3.1.jar;C:\Users\FedericaPanceri\.m2\repository\io\quarkus\quarkus-caffeine\3.22.3\quarkus-caffeine-3.22.3.jar;C:\Users\FedericaPanceri\.m2\repository\com\github\ben-manes\caffeine\caffeine\3.2.0\caffeine-3.2.0.jar;C:\Users\FedericaPanceri\.m2\repository\org\jspecify\jspecify\1.0.0\jspecify-1.0.0.jar;C:\Users\FedericaPanceri\.m2\repository\com\google\errorprone\error_prone_annotations\2.37.0\error_prone_annotations-2.37.0.jar;C:\Users\FedericaPanceri\.m2\repository\io\quarkus\quarkus-junit5-mockito\3.22.3\quarkus-junit5-mockito-3.22.3.jar;C:\Users\FedericaPanceri\.m2\repository\org\mockito\mockito-junit-jupiter\5.17.0\mockito-junit-jupiter-5.17.0.jar;C:\Users\FedericaPanceri\.m2\repository\org\junit\jupiter\junit-jupiter-api\5.12.2\junit-jupiter-api-5.12.2.jar;C:\Users\FedericaPanceri\.m2\repository\org\opentest4j\opentest4j\1.3.0\opentest4j-1.3.0.jar;C:\Users\FedericaPanceri\.m2\repository\org\junit\platform\junit-platform-commons\1.12.2\junit-platform-commons-1.12.2.jar;C:\Users\FedericaPanceri\.m2\repository\org\apiguardian\apiguardian-api\1.1.2\apiguardian-api-1.1.2.jar;C:\Users\FedericaPanceri\.m2\repository\io\quarkus\quarkus-junit5-mockito-config\3.22.3\quarkus-junit5-mockito-config-3.22.3.jar;C:\Users\FedericaPanceri\.m2\repository\io\quarkus\quarkus-arc-deployment\3.22.3\quarkus-arc-deployment-3.22.3.jar;C:\Users\FedericaPanceri\.m2\repository\io\quarkus\quarkus-core-deployment\3.22.3\quarkus-core-deployment-3.22.3.jar;C:\Users\FedericaPanceri\.m2\repository\org\aesh\readline\2.6\readline-2.6.jar;C:\Users\FedericaPanceri\.m2\repository\org\fusesource\jansi\jansi\2.4.0\jansi-2.4.0.jar;C:\Users\FedericaPanceri\.m2\repository\org\aesh\aesh\2.8.2\aesh-2.8.2.jar;C:\Users\FedericaPanceri\.m2\repository\io\quarkus\gizmo\gizmo\1.9.0\gizmo-1.9.0.jar;C:\Users\FedericaPanceri\.m2\repository\org\ow2\asm\asm-util\9.8\asm-util-9.8.jar;C:\Users\FedericaPanceri\.m2\repository\org\ow2\asm\asm-analysis\9.8\asm-analysis-9.8.jar;C:\Users\FedericaPanceri\.m2\repository\org\ow2\asm\asm\9.8\asm-9.8.jar;C:\Users\FedericaPanceri\.m2\repository\org\ow2\asm\asm-commons\9.8\asm-commons-9.8.jar;C:\Users\FedericaPanceri\.m2\repository\org\ow2\asm\asm-tree\9.8\asm-tree-9.8.jar;C:\Users\FedericaPanceri\.m2\repository\io\quarkus\quarkus-hibernate-validator-spi\3.22.3\quarkus-hibernate-validator-spi-3.22.3.jar;C:\Users\FedericaPanceri\.m2\repository\io\quarkus\quarkus-class-change-agent\3.22.3\quarkus-class-change-agent-3.22.3.jar;C:\Users\FedericaPanceri\.m2\repository\io\quarkus\quarkus-devtools-utilities\3.22.3\quarkus-devtools-utilities-3.22.3.jar;C:\Users\FedericaPanceri\.m2\repository\io\quarkus\quarkus-builder\3.22.3\quarkus-builder-3.22.3.jar;C:\Users\FedericaPanceri\.m2\repository\org\graalvm\sdk\nativeimage\23.1.2\nativeimage-23.1.2.jar;C:\Users\FedericaPanceri\.m2\repository\org\graalvm\sdk\word\23.1.2\word-23.1.2.jar;C:\Users\FedericaPanceri\.m2\repository\org\junit\platform\junit-platform-launcher\1.12.2\junit-platform-launcher-1.12.2.jar;C:\Users\FedericaPanceri\.m2\repository\io\quarkus\quarkus-smallrye-context-propagation-spi\3.22.3\quarkus-smallrye-context-propagation-spi-3.22.3.jar;C:\Users\FedericaPanceri\.m2\repository\io\quarkus\quarkus-vertx-http-dev-ui-spi\3.22.3\quarkus-vertx-http-dev-ui-spi-3.22.3.jar;C:\Users\FedericaPanceri\.m2\repository\io\quarkus\arc\arc-processor\3.22.3\arc-processor-3.22.3.jar;C:\Users\FedericaPanceri\.m2\repository\org\mockito\mockito-core\5.17.0\mockito-core-5.17.0.jar;C:\Users\FedericaPanceri\.m2\repository\net\bytebuddy\byte-buddy-agent\1.15.11\byte-buddy-agent-1.15.11.jar;C:\Users\FedericaPanceri\.m2\repository\org\objenesis\objenesis\3.3\objenesis-3.3.jar;C:\Users\FedericaPanceri\.m2\repository\io\quarkus\quarkus-mutiny\3.22.3\quarkus-mutiny-3.22.3.jar;C:\Users\FedericaPanceri\.m2\repository\io\quarkus\quarkus-smallrye-context-propagation\3.22.3\quarkus-smallrye-context-propagation-3.22.3.jar;C:\Users\FedericaPanceri\.m2\repository\io\smallrye\smallrye-context-propagation\2.2.1\smallrye-context-propagation-2.2.1.jar;C:\Users\FedericaPanceri\.m2\repository\io\smallrye\smallrye-context-propagation-api\2.2.1\smallrye-context-propagation-api-2.2.1.jar;C:\Users\FedericaPanceri\.m2\repository\io\smallrye\smallrye-context-propagation-storage\2.2.1\smallrye-context-propagation-storage-2.2.1.jar;C:\Users\FedericaPanceri\.m2\repository\io\smallrye\reactive\mutiny-smallrye-context-propagation\2.8.0\mutiny-smallrye-context-propagation-2.8.0.jar;C:\Users\FedericaPanceri\.m2\repository\io\quarkus\quarkus-rest\3.22.3\quarkus-rest-3.22.3.jar;C:\Users\FedericaPanceri\.m2\repository\io\quarkus\quarkus-rest-common\3.22.3\quarkus-rest-common-3.22.3.jar;C:\Users\FedericaPanceri\.m2\repository\io\quarkus\resteasy\reactive\resteasy-reactive-common\3.22.3\resteasy-reactive-common-3.22.3.jar;C:\Users\FedericaPanceri\.m2\repository\io\quarkus\resteasy\reactive\resteasy-reactive-common-types\3.22.3\resteasy-reactive-common-types-3.22.3.jar;C:\Users\FedericaPanceri\.m2\repository\io\quarkus\resteasy\reactive\resteasy-reactive-vertx\3.22.3\resteasy-reactive-vertx-3.22.3.jar;C:\Users\FedericaPanceri\.m2\repository\io\quarkus\resteasy\reactive\resteasy-reactive\3.22.3\resteasy-reactive-3.22.3.jar;C:\Users\FedericaPanceri\.m2\repository\io\quarkus\vertx\utils\quarkus-vertx-utils\3.22.3\quarkus-vertx-utils-3.22.3.jar;C:\Users\FedericaPanceri\.m2\repository\jakarta\ws\rs\jakarta.ws.rs-api\3.1.0\jakarta.ws.rs-api-3.1.0.jar;C:\Users\FedericaPanceri\.m2\repository\org\jboss\logging\commons-logging-jboss-logging\1.0.0.Final\commons-logging-jboss-logging-1.0.0.Final.jar;C:\Users\FedericaPanceri\.m2\repository\io\quarkus\quarkus-jsonp\3.22.3\quarkus-jsonp-3.22.3.jar;C:\Users\FedericaPanceri\.m2\repository\org\eclipse\parsson\parsson\1.1.7\parsson-1.1.7.jar;C:\Users\FedericaPanceri\.m2\repository\io\quarkus\quarkus-rest-client-jackson\3.23.2\quarkus-rest-client-jackson-3.23.2.jar;C:\Users\FedericaPanceri\.m2\repository\io\quarkus\resteasy\reactive\resteasy-reactive-jackson\3.22.3\resteasy-reactive-jackson-3.22.3.jar;C:\Users\FedericaPanceri\.m2\repository\io\quarkus\quarkus-rest-jackson-common\3.22.3\quarkus-rest-jackson-common-3.22.3.jar;C:\Users\FedericaPanceri\.m2\repository\io\quarkus\quarkus-rest-client\3.22.3\quarkus-rest-client-3.22.3.jar;C:\Users\FedericaPanceri\.m2\repository\io\quarkus\quarkus-rest-client-jaxrs\3.22.3\quarkus-rest-client-jaxrs-3.22.3.jar;C:\Users\FedericaPanceri\.m2\repository\io\quarkus\resteasy\reactive\resteasy-reactive-client\3.22.3\resteasy-reactive-client-3.22.3.jar;C:\Users\FedericaPanceri\.m2\repository\io\smallrye\stork\stork-api\2.7.3\stork-api-2.7.3.jar;C:\Users\FedericaPanceri\.m2\repository\io\vertx\vertx-web-client\4.5.14\vertx-web-client-4.5.14.jar;C:\Users\FedericaPanceri\.m2\repository\io\quarkus\quarkus-rest-client-config\3.22.3\quarkus-rest-client-config-3.22.3.jar;C:\Users\FedericaPanceri\.m2\repository\org\eclipse\microprofile\rest\client\microprofile-rest-client-api\4.0\microprofile-rest-client-api-4.0.jar;C:\Users\FedericaPanceri\.m2\repository\io\quarkus\quarkus-rest-jackson\3.22.3\quarkus-rest-jackson-3.22.3.jar;C:\Users\FedericaPanceri\.m2\repository\io\rest-assured\rest-assured\5.5.1\rest-assured-5.5.1.jar;C:\Users\FedericaPanceri\.m2\repository\org\apache\groovy\groovy\4.0.22\groovy-4.0.22.jar;C:\Users\FedericaPanceri\.m2\repository\org\apache\groovy\groovy-xml\4.0.22\groovy-xml-4.0.22.jar;C:\Users\FedericaPanceri\.m2\repository\org\apache\httpcomponents\httpclient\4.5.14\httpclient-4.5.14.jar;C:\Users\FedericaPanceri\.m2\repository\org\apache\httpcomponents\httpcore\4.4.16\httpcore-4.4.16.jar;C:\Users\FedericaPanceri\.m2\repository\commons-codec\commons-codec\1.18.0\commons-codec-1.18.0.jar;C:\Users\FedericaPanceri\.m2\repository\org\apache\httpcomponents\httpmime\4.5.14\httpmime-4.5.14.jar;C:\Users\FedericaPanceri\.m2\repository\org\hamcrest\hamcrest\2.2\hamcrest-2.2.jar;C:\Users\FedericaPanceri\.m2\repository\org\ccil\cowan\tagsoup\tagsoup\1.2.1\tagsoup-1.2.1.jar;C:\Users\FedericaPanceri\.m2\repository\io\rest-assured\json-path\5.5.1\json-path-5.5.1.jar;C:\Users\FedericaPanceri\.m2\repository\org\apache\groovy\groovy-json\4.0.22\groovy-json-4.0.22.jar;C:\Users\FedericaPanceri\.m2\repository\io\rest-assured\rest-assured-common\5.5.1\rest-assured-common-5.5.1.jar;C:\Users\FedericaPanceri\.m2\repository\io\rest-assured\xml-path\5.5.1\xml-path-5.5.1.jar;C:\Users\FedericaPanceri\.m2\repository\org\apache\commons\commons-lang3\3.17.0\commons-lang3-3.17.0.jar;C:\Users\FedericaPanceri\.m2\repository\io\quarkus\quarkus-junit5\3.22.3\quarkus-junit5-3.22.3.jar;C:\Users\FedericaPanceri\.m2\repository\io\quarkus\quarkus-bootstrap-core\3.22.3\quarkus-bootstrap-core-3.22.3.jar;C:\Users\FedericaPanceri\.m2\repository\io\quarkus\quarkus-classloader-commons\3.22.3\quarkus-classloader-commons-3.22.3.jar;C:\Users\FedericaPanceri\.m2\repository\io\quarkus\quarkus-bootstrap-app-model\3.22.3\quarkus-bootstrap-app-model-3.22.3.jar;C:\Users\FedericaPanceri\.m2\repository\io\smallrye\common\smallrye-common-io\2.12.0\smallrye-common-io-2.12.0.jar;C:\Users\FedericaPanceri\.m2\repository\org\eclipse\sisu\org.eclipse.sisu.inject\0.9.0.M3\org.eclipse.sisu.inject-0.9.0.M3.jar;C:\Users\FedericaPanceri\.m2\repository\io\quarkus\quarkus-test-common\3.22.3\quarkus-test-common-3.22.3.jar;C:\Users\FedericaPanceri\.m2\repository\io\quarkus\quarkus-bootstrap-maven-resolver\3.22.3\quarkus-bootstrap-maven-resolver-3.22.3.jar;C:\Users\FedericaPanceri\.m2\repository\io\smallrye\beanbag\smallrye-beanbag-maven\1.5.2\smallrye-beanbag-maven-1.5.2.jar;C:\Users\FedericaPanceri\.m2\repository\io\smallrye\beanbag\smallrye-beanbag-sisu\1.5.2\smallrye-beanbag-sisu-1.5.2.jar;C:\Users\FedericaPanceri\.m2\repository\io\smallrye\beanbag\smallrye-beanbag\1.5.2\smallrye-beanbag-1.5.2.jar;C:\Users\FedericaPanceri\.m2\repository\javax\inject\javax.inject\1\javax.inject-1.jar;C:\Users\FedericaPanceri\.m2\repository\org\apache\maven\maven-artifact\3.9.9\maven-artifact-3.9.9.jar;C:\Users\FedericaPanceri\.m2\repository\org\apache\maven\maven-builder-support\3.9.9\maven-builder-support-3.9.9.jar;C:\Users\FedericaPanceri\.m2\repository\org\apache\maven\maven-model\3.9.9\maven-model-3.9.9.jar;C:\Users\FedericaPanceri\.m2\repository\org\apache\maven\maven-model-builder\3.9.9\maven-model-builder-3.9.9.jar;C:\Users\FedericaPanceri\.m2\repository\org\apache\maven\maven-repository-metadata\3.9.9\maven-repository-metadata-3.9.9.jar;C:\Users\FedericaPanceri\.m2\repository\org\apache\maven\maven-settings\3.9.9\maven-settings-3.9.9.jar;C:\Users\FedericaPanceri\.m2\repository\org\apache\maven\resolver\maven-resolver-api\1.9.22\maven-resolver-api-1.9.22.jar;C:\Users\FedericaPanceri\.m2\repository\org\apache\maven\resolver\maven-resolver-impl\1.9.22\maven-resolver-impl-1.9.22.jar;C:\Users\FedericaPanceri\.m2\repository\org\apache\maven\resolver\maven-resolver-named-locks\1.9.22\maven-resolver-named-locks-1.9.22.jar;C:\Users\FedericaPanceri\.m2\repository\org\apache\maven\resolver\maven-resolver-spi\1.9.22\maven-resolver-spi-1.9.22.jar;C:\Users\FedericaPanceri\.m2\repository\org\apache\maven\resolver\maven-resolver-util\1.9.22\maven-resolver-util-1.9.22.jar;C:\Users\FedericaPanceri\.m2\repository\org\apache\maven\resolver\maven-resolver-transport-http\1.9.20\maven-resolver-transport-http-1.9.20.jar;C:\Users\FedericaPanceri\.m2\repository\org\apache\maven\wagon\wagon-provider-api\3.5.3\wagon-provider-api-3.5.3.jar;C:\Users\FedericaPanceri\.m2\repository\org\apache\maven\wagon\wagon-http-shared\3.5.3\wagon-http-shared-3.5.3.jar;C:\Users\FedericaPanceri\.m2\repository\org\codehaus\plexus\plexus-interpolation\1.26\plexus-interpolation-1.26.jar;C:\Users\FedericaPanceri\.m2\repository\org\codehaus\plexus\plexus-utils\3.5.1\plexus-utils-3.5.1.jar;C:\Users\FedericaPanceri\.m2\repository\org\codehaus\plexus\plexus-xml\4.0.1\plexus-xml-4.0.1.jar;C:\Users\FedericaPanceri\.m2\repository\org\apache\maven\maven-xml-impl\4.0.0-alpha-5\maven-xml-impl-4.0.0-alpha-5.jar;C:\Users\FedericaPanceri\.m2\repository\org\apache\maven\maven-api-xml\4.0.0-alpha-5\maven-api-xml-4.0.0-alpha-5.jar;C:\Users\FedericaPanceri\.m2\repository\org\apache\maven\maven-api-meta\4.0.0-alpha-5\maven-api-meta-4.0.0-alpha-5.jar;C:\Users\FedericaPanceri\.m2\repository\org\codehaus\plexus\plexus-cipher\2.0\plexus-cipher-2.0.jar;C:\Users\FedericaPanceri\.m2\repository\org\codehaus\plexus\plexus-sec-dispatcher\2.0\plexus-sec-dispatcher-2.0.jar;C:\Users\FedericaPanceri\.m2\repository\org\apache\maven\maven-embedder\3.9.9\maven-embedder-3.9.9.jar;C:\Users\FedericaPanceri\.m2\repository\org\apache\maven\maven-core\3.9.9\maven-core-3.9.9.jar;C:\Users\FedericaPanceri\.m2\repository\org\codehaus\plexus\plexus-component-annotations\2.1.0\plexus-component-annotations-2.1.0.jar;C:\Users\FedericaPanceri\.m2\repository\org\apache\maven\maven-plugin-api\3.9.9\maven-plugin-api-3.9.9.jar;C:\Users\FedericaPanceri\.m2\repository\org\apache\maven\shared\maven-shared-utils\3.4.2\maven-shared-utils-3.4.2.jar;C:\Users\FedericaPanceri\.m2\repository\com\google\inject\guice\5.1.0\guice-5.1.0.jar;C:\Users\FedericaPanceri\.m2\repository\aopalliance\aopalliance\1.0\aopalliance-1.0.jar;C:\Users\FedericaPanceri\.m2\repository\com\google\guava\guava\33.4.8-jre\guava-33.4.8-jre.jar;C:\Users\FedericaPanceri\.m2\repository\com\google\guava\failureaccess\1.0.1\failureaccess-1.0.1.jar;C:\Users\FedericaPanceri\.m2\repository\javax\annotation\javax.annotation-api\1.3.2\javax.annotation-api-1.3.2.jar;C:\Users\FedericaPanceri\.m2\repository\org\codehaus\plexus\plexus-classworlds\2.6.0\plexus-classworlds-2.6.0.jar;C:\Users\FedericaPanceri\.m2\repository\commons-cli\commons-cli\1.8.0\commons-cli-1.8.0.jar;C:\Users\FedericaPanceri\.m2\repository\org\eclipse\sisu\org.eclipse.sisu.plexus\0.9.0.M3\org.eclipse.sisu.plexus-0.9.0.M3.jar;C:\Users\FedericaPanceri\.m2\repository\org\apache\maven\maven-settings-builder\3.9.9\maven-settings-builder-3.9.9.jar;C:\Users\FedericaPanceri\.m2\repository\org\apache\maven\maven-resolver-provider\3.9.9\maven-resolver-provider-3.9.9.jar;C:\Users\FedericaPanceri\.m2\repository\org\apache\maven\resolver\maven-resolver-connector-basic\1.9.22\maven-resolver-connector-basic-1.9.22.jar;C:\Users\FedericaPanceri\.m2\repository\org\apache\maven\resolver\maven-resolver-transport-wagon\1.9.22\maven-resolver-transport-wagon-1.9.22.jar;C:\Users\FedericaPanceri\.m2\repository\org\apache\maven\wagon\wagon-http\3.5.3\wagon-http-3.5.3.jar;C:\Users\FedericaPanceri\.m2\repository\org\apache\maven\wagon\wagon-file\3.5.3\wagon-file-3.5.3.jar;C:\Users\FedericaPanceri\.m2\repository\io\quarkus\quarkus-bootstrap-gradle-resolver\3.22.3\quarkus-bootstrap-gradle-resolver-3.22.3.jar;C:\Users\FedericaPanceri\.m2\repository\commons-io\commons-io\2.19.0\commons-io-2.19.0.jar;C:\Users\FedericaPanceri\.m2\repository\io\quarkus\quarkus-junit5-config\3.22.3\quarkus-junit5-config-3.22.3.jar;C:\Users\FedericaPanceri\.m2\repository\org\junit\jupiter\junit-jupiter\5.12.2\junit-jupiter-5.12.2.jar;C:\Users\FedericaPanceri\.m2\repository\org\junit\jupiter\junit-jupiter-params\5.12.2\junit-jupiter-params-5.12.2.jar;C:\Users\FedericaPanceri\.m2\repository\org\junit\jupiter\junit-jupiter-engine\5.12.2\junit-jupiter-engine-5.12.2.jar;C:\Users\FedericaPanceri\.m2\repository\org\junit\platform\junit-platform-engine\1.12.2\junit-platform-engine-1.12.2.jar;"/>
    <property name="java.vm.vendor" value="Oracle Corporation"/>
    <property name="sun.arch.data.model" value="64"/>
    <property name="user.variant" value=""/>
    <property name="java.vendor.url" value="https://java.oracle.com/"/>
    <property name="user.timezone" value="Europe/Rome"/>
    <property name="logging.initial-configurator.min-level" value="500"/>
    <property name="java.vm.specification.version" value="21"/>
    <property name="os.name" value="Windows 11"/>
    <property name="sun.java.launcher" value="SUN_STANDARD"/>
    <property name="user.country" value="IT"/>
    <property name="groovy.use.classvalue" value="false"/>
    <property name="sun.boot.library.path" value="C:\Program Files\Java\jdk-21\bin"/>
    <property name="sun.java.command" value="C:\Users\FedericaPanceri\AppData\Local\Temp\surefire12144114998407210304\surefirebooter-20250630152321909_3.jar C:\Users\FedericaPanceri\AppData\Local\Temp\surefire12144114998407210304 2025-06-30T15-23-21_586-jvmRun1 surefire-20250630152321909_1tmp surefire_0-20250630152321909_2tmp"/>
    <property name="jdk.debug" value="release"/>
    <property name="maven.home" value="C:\Users\FedericaPanceri\OneDrive - ITS Angelo Rizzoli\Documenti\apache-maven-3.9.9"/>
    <property name="surefire.test.class.path" value="C:\Users\FedericaPanceri\progetti stage\bank-test\target\test-classes;C:\Users\FedericaPanceri\progetti stage\bank-test\target\classes;C:\Users\FedericaPanceri\.m2\repository\org\projectlombok\lombok\1.18.38\lombok-1.18.38.jar;C:\Users\FedericaPanceri\.m2\repository\io\quarkus\quarkus-flyway\3.22.3\quarkus-flyway-3.22.3.jar;C:\Users\FedericaPanceri\.m2\repository\io\quarkus\quarkus-core\3.22.3\quarkus-core-3.22.3.jar;C:\Users\FedericaPanceri\.m2\repository\jakarta\annotation\jakarta.annotation-api\3.0.0\jakarta.annotation-api-3.0.0.jar;C:\Users\FedericaPanceri\.m2\repository\jakarta\enterprise\jakarta.enterprise.cdi-api\4.1.0\jakarta.enterprise.cdi-api-4.1.0.jar;C:\Users\FedericaPanceri\.m2\repository\jakarta\enterprise\jakarta.enterprise.lang-model\4.1.0\jakarta.enterprise.lang-model-4.1.0.jar;C:\Users\FedericaPanceri\.m2\repository\jakarta\interceptor\jakarta.interceptor-api\2.2.0\jakarta.interceptor-api-2.2.0.jar;C:\Users\FedericaPanceri\.m2\repository\jakarta\inject\jakarta.inject-api\2.0.1\jakarta.inject-api-2.0.1.jar;C:\Users\FedericaPanceri\.m2\repository\io\smallrye\common\smallrye-common-os\2.12.0\smallrye-common-os-2.12.0.jar;C:\Users\FedericaPanceri\.m2\repository\io\quarkus\quarkus-ide-launcher\3.22.3\quarkus-ide-launcher-3.22.3.jar;C:\Users\FedericaPanceri\.m2\repository\io\quarkus\quarkus-development-mode-spi\3.22.3\quarkus-development-mode-spi-3.22.3.jar;C:\Users\FedericaPanceri\.m2\repository\io\smallrye\config\smallrye-config\3.12.4\smallrye-config-3.12.4.jar;C:\Users\FedericaPanceri\.m2\repository\io\smallrye\config\smallrye-config-core\3.12.4\smallrye-config-core-3.12.4.jar;C:\Users\FedericaPanceri\.m2\repository\io\smallrye\config\smallrye-config-common\3.12.4\smallrye-config-common-3.12.4.jar;C:\Users\FedericaPanceri\.m2\repository\org\jboss\logging\jboss-logging\3.6.1.Final\jboss-logging-3.6.1.Final.jar;C:\Users\FedericaPanceri\.m2\repository\org\jboss\logmanager\jboss-logmanager\3.1.2.Final\jboss-logmanager-3.1.2.Final.jar;C:\Users\FedericaPanceri\.m2\repository\io\smallrye\common\smallrye-common-constraint\2.12.0\smallrye-common-constraint-2.12.0.jar;C:\Users\FedericaPanceri\.m2\repository\io\smallrye\common\smallrye-common-cpu\2.12.0\smallrye-common-cpu-2.12.0.jar;C:\Users\FedericaPanceri\.m2\repository\io\smallrye\common\smallrye-common-expression\2.12.0\smallrye-common-expression-2.12.0.jar;C:\Users\FedericaPanceri\.m2\repository\io\smallrye\common\smallrye-common-net\2.12.0\smallrye-common-net-2.12.0.jar;C:\Users\FedericaPanceri\.m2\repository\io\smallrye\common\smallrye-common-ref\2.12.0\smallrye-common-ref-2.12.0.jar;C:\Users\FedericaPanceri\.m2\repository\jakarta\json\jakarta.json-api\2.1.3\jakarta.json-api-2.1.3.jar;C:\Users\FedericaPanceri\.m2\repository\org\jboss\threads\jboss-threads\3.8.0.Final\jboss-threads-3.8.0.Final.jar;C:\Users\FedericaPanceri\.m2\repository\io\smallrye\common\smallrye-common-function\2.12.0\smallrye-common-function-2.12.0.jar;C:\Users\FedericaPanceri\.m2\repository\org\slf4j\slf4j-api\2.0.6\slf4j-api-2.0.6.jar;C:\Users\FedericaPanceri\.m2\repository\org\wildfly\common\wildfly-common\2.0.1\wildfly-common-2.0.1.jar;C:\Users\FedericaPanceri\.m2\repository\io\quarkus\quarkus-bootstrap-runner\3.22.3\quarkus-bootstrap-runner-3.22.3.jar;C:\Users\FedericaPanceri\.m2\repository\io\quarkus\quarkus-fs-util\1.0.0\quarkus-fs-util-1.0.0.jar;C:\Users\FedericaPanceri\.m2\repository\org\flywaydb\flyway-core\11.7.1\flyway-core-11.7.1.jar;C:\Users\FedericaPanceri\.m2\repository\com\fasterxml\jackson\dataformat\jackson-dataformat-toml\2.18.3\jackson-dataformat-toml-2.18.3.jar;C:\Users\FedericaPanceri\.m2\repository\org\antlr\antlr4-runtime\4.13.0\antlr4-runtime-4.13.0.jar;C:\Users\FedericaPanceri\.m2\repository\io\quarkus\quarkus-agroal\3.22.3\quarkus-agroal-3.22.3.jar;C:\Users\FedericaPanceri\.m2\repository\io\quarkus\quarkus-datasource\3.22.3\quarkus-datasource-3.22.3.jar;C:\Users\FedericaPanceri\.m2\repository\io\agroal\agroal-api\2.6\agroal-api-2.6.jar;C:\Users\FedericaPanceri\.m2\repository\io\agroal\agroal-narayana\2.6\agroal-narayana-2.6.jar;C:\Users\FedericaPanceri\.m2\repository\org\jboss\jboss-transaction-spi\8.0.0.Final\jboss-transaction-spi-8.0.0.Final.jar;C:\Users\FedericaPanceri\.m2\repository\io\agroal\agroal-pool\2.6\agroal-pool-2.6.jar;C:\Users\FedericaPanceri\.m2\repository\io\quarkus\quarkus-credentials\3.22.3\quarkus-credentials-3.22.3.jar;C:\Users\FedericaPanceri\.m2\repository\io\quarkus\quarkus-narayana-jta\3.22.3\quarkus-narayana-jta-3.22.3.jar;C:\Users\FedericaPanceri\.m2\repository\io\quarkus\quarkus-transaction-annotations\3.22.3\quarkus-transaction-annotations-3.22.3.jar;C:\Users\FedericaPanceri\.m2\repository\io\smallrye\smallrye-context-propagation-jta\2.2.1\smallrye-context-propagation-jta-2.2.1.jar;C:\Users\FedericaPanceri\.m2\repository\io\smallrye\reactive\smallrye-reactive-converter-api\3.0.3\smallrye-reactive-converter-api-3.0.3.jar;C:\Users\FedericaPanceri\.m2\repository\org\reactivestreams\reactive-streams\1.0.4\reactive-streams-1.0.4.jar;C:\Users\FedericaPanceri\.m2\repository\io\smallrye\reactive\smallrye-reactive-converter-mutiny\3.0.3\smallrye-reactive-converter-mutiny-3.0.3.jar;C:\Users\FedericaPanceri\.m2\repository\io\smallrye\reactive\mutiny-zero-flow-adapters\1.1.1\mutiny-zero-flow-adapters-1.1.1.jar;C:\Users\FedericaPanceri\.m2\repository\org\jboss\narayana\jta\narayana-jta\7.2.2.Final\narayana-jta-7.2.2.Final.jar;C:\Users\FedericaPanceri\.m2\repository\jakarta\resource\jakarta.resource-api\2.1.0\jakarta.resource-api-2.1.0.jar;C:\Users\FedericaPanceri\.m2\repository\org\jboss\invocation\jboss-invocation\2.0.0.Final\jboss-invocation-2.0.0.Final.jar;C:\Users\FedericaPanceri\.m2\repository\org\eclipse\microprofile\reactive-streams-operators\microprofile-reactive-streams-operators-api\3.0.1\microprofile-reactive-streams-operators-api-3.0.1.jar;C:\Users\FedericaPanceri\.m2\repository\org\jboss\narayana\jts\narayana-jts-integration\7.2.2.Final\narayana-jts-integration-7.2.2.Final.jar;C:\Users\FedericaPanceri\.m2\repository\io\quarkus\quarkus-datasource-common\3.22.3\quarkus-datasource-common-3.22.3.jar;C:\Users\FedericaPanceri\.m2\repository\io\quarkus\quarkus-smallrye-openapi\3.22.3\quarkus-smallrye-openapi-3.22.3.jar;C:\Users\FedericaPanceri\.m2\repository\io\smallrye\smallrye-open-api-core\4.0.10\smallrye-open-api-core-4.0.10.jar;C:\Users\FedericaPanceri\.m2\repository\org\eclipse\microprofile\openapi\microprofile-openapi-api\4.0.2\microprofile-openapi-api-4.0.2.jar;C:\Users\FedericaPanceri\.m2\repository\org\eclipse\microprofile\config\microprofile-config-api\3.1\microprofile-config-api-3.1.jar;C:\Users\FedericaPanceri\.m2\repository\io\smallrye\smallrye-open-api-model\4.0.10\smallrye-open-api-model-4.0.10.jar;C:\Users\FedericaPanceri\.m2\repository\com\fasterxml\jackson\core\jackson-core\2.18.3\jackson-core-2.18.3.jar;C:\Users\FedericaPanceri\.m2\repository\com\fasterxml\jackson\dataformat\jackson-dataformat-yaml\2.18.3\jackson-dataformat-yaml-2.18.3.jar;C:\Users\FedericaPanceri\.m2\repository\org\yaml\snakeyaml\2.4\snakeyaml-2.4.jar;C:\Users\FedericaPanceri\.m2\repository\io\smallrye\jandex\3.3.1\jandex-3.3.1.jar;C:\Users\FedericaPanceri\.m2\repository\io\smallrye\common\smallrye-common-classloader\2.12.0\smallrye-common-classloader-2.12.0.jar;C:\Users\FedericaPanceri\.m2\repository\io\quarkus\quarkus-vertx-http\3.22.3\quarkus-vertx-http-3.22.3.jar;C:\Users\FedericaPanceri\.m2\repository\io\quarkus\quarkus-security-runtime-spi\3.22.3\quarkus-security-runtime-spi-3.22.3.jar;C:\Users\FedericaPanceri\.m2\repository\io\quarkus\quarkus-tls-registry\3.22.3\quarkus-tls-registry-3.22.3.jar;C:\Users\FedericaPanceri\.m2\repository\io\quarkus\quarkus-tls-registry-spi\3.22.3\quarkus-tls-registry-spi-3.22.3.jar;C:\Users\FedericaPanceri\.m2\repository\io\smallrye\certs\smallrye-private-key-pem-parser\0.9.2\smallrye-private-key-pem-parser-0.9.2.jar;C:\Users\FedericaPanceri\.m2\repository\io\smallrye\common\smallrye-common-vertx-context\2.12.0\smallrye-common-vertx-context-2.12.0.jar;C:\Users\FedericaPanceri\.m2\repository\io\quarkus\security\quarkus-security\2.2.1\quarkus-security-2.2.1.jar;C:\Users\FedericaPanceri\.m2\repository\io\smallrye\reactive\smallrye-mutiny-vertx-web\3.18.1\smallrye-mutiny-vertx-web-3.18.1.jar;C:\Users\FedericaPanceri\.m2\repository\io\smallrye\reactive\smallrye-mutiny-vertx-web-common\3.18.1\smallrye-mutiny-vertx-web-common-3.18.1.jar;C:\Users\FedericaPanceri\.m2\repository\io\smallrye\reactive\smallrye-mutiny-vertx-auth-common\3.18.1\smallrye-mutiny-vertx-auth-common-3.18.1.jar;C:\Users\FedericaPanceri\.m2\repository\io\smallrye\reactive\smallrye-mutiny-vertx-bridge-common\3.18.1\smallrye-mutiny-vertx-bridge-common-3.18.1.jar;C:\Users\FedericaPanceri\.m2\repository\io\smallrye\reactive\smallrye-mutiny-vertx-uri-template\3.18.1\smallrye-mutiny-vertx-uri-template-3.18.1.jar;C:\Users\FedericaPanceri\.m2\repository\io\vertx\vertx-uri-template\4.5.14\vertx-uri-template-4.5.14.jar;C:\Users\FedericaPanceri\.m2\repository\io\vertx\vertx-web\4.5.14\vertx-web-4.5.14.jar;C:\Users\FedericaPanceri\.m2\repository\io\vertx\vertx-web-common\4.5.14\vertx-web-common-4.5.14.jar;C:\Users\FedericaPanceri\.m2\repository\io\vertx\vertx-auth-common\4.5.14\vertx-auth-common-4.5.14.jar;C:\Users\FedericaPanceri\.m2\repository\io\vertx\vertx-bridge-common\4.5.14\vertx-bridge-common-4.5.14.jar;C:\Users\FedericaPanceri\.m2\repository\io\github\crac\org-crac\0.1.3\org-crac-0.1.3.jar;C:\Users\FedericaPanceri\.m2\repository\com\aayushatharva\brotli4j\brotli4j\1.16.0\brotli4j-1.16.0.jar;C:\Users\FedericaPanceri\.m2\repository\com\aayushatharva\brotli4j\service\1.16.0\service-1.16.0.jar;C:\Users\FedericaPanceri\.m2\repository\com\aayushatharva\brotli4j\native-windows-x86_64\1.16.0\native-windows-x86_64-1.16.0.jar;C:\Users\FedericaPanceri\.m2\repository\io\quarkus\quarkus-swagger-ui\3.22.3\quarkus-swagger-ui-3.22.3.jar;C:\Users\FedericaPanceri\.m2\repository\io\quarkus\quarkus-hibernate-orm-panache\3.22.3\quarkus-hibernate-orm-panache-3.22.3.jar;C:\Users\FedericaPanceri\.m2\repository\io\quarkus\quarkus-hibernate-orm-panache-common\3.22.3\quarkus-hibernate-orm-panache-common-3.22.3.jar;C:\Users\FedericaPanceri\.m2\repository\io\quarkus\quarkus-panache-hibernate-common\3.22.3\quarkus-panache-hibernate-common-3.22.3.jar;C:\Users\FedericaPanceri\.m2\repository\io\quarkus\quarkus-panache-common\3.22.3\quarkus-panache-common-3.22.3.jar;C:\Users\FedericaPanceri\.m2\repository\io\quarkus\quarkus-jackson\3.22.3\quarkus-jackson-3.22.3.jar;C:\Users\FedericaPanceri\.m2\repository\com\fasterxml\jackson\core\jackson-databind\2.18.3\jackson-databind-2.18.3.jar;C:\Users\FedericaPanceri\.m2\repository\com\fasterxml\jackson\core\jackson-annotations\2.18.3\jackson-annotations-2.18.3.jar;C:\Users\FedericaPanceri\.m2\repository\com\fasterxml\jackson\datatype\jackson-datatype-jsr310\2.18.3\jackson-datatype-jsr310-2.18.3.jar;C:\Users\FedericaPanceri\.m2\repository\com\fasterxml\jackson\datatype\jackson-datatype-jdk8\2.18.3\jackson-datatype-jdk8-2.18.3.jar;C:\Users\FedericaPanceri\.m2\repository\com\fasterxml\jackson\module\jackson-module-parameter-names\2.18.3\jackson-module-parameter-names-2.18.3.jar;C:\Users\FedericaPanceri\.m2\repository\io\quarkus\quarkus-scheduler\3.22.3\quarkus-scheduler-3.22.3.jar;C:\Users\FedericaPanceri\.m2\repository\io\quarkus\quarkus-scheduler-kotlin\3.22.3\quarkus-scheduler-kotlin-3.22.3.jar;C:\Users\FedericaPanceri\.m2\repository\io\quarkus\quarkus-scheduler-common\3.22.3\quarkus-scheduler-common-3.22.3.jar;C:\Users\FedericaPanceri\.m2\repository\io\quarkus\quarkus-scheduler-api\3.22.3\quarkus-scheduler-api-3.22.3.jar;C:\Users\FedericaPanceri\.m2\repository\io\quarkus\quarkus-scheduler-spi\3.22.3\quarkus-scheduler-spi-3.22.3.jar;C:\Users\FedericaPanceri\.m2\repository\io\opentelemetry\instrumentation\opentelemetry-instrumentation-api\2.10.0\opentelemetry-instrumentation-api-2.10.0.jar;C:\Users\FedericaPanceri\.m2\repository\io\opentelemetry\opentelemetry-api\1.44.1\opentelemetry-api-1.44.1.jar;C:\Users\FedericaPanceri\.m2\repository\io\opentelemetry\opentelemetry-context\1.44.1\opentelemetry-context-1.44.1.jar;C:\Users\FedericaPanceri\.m2\repository\io\opentelemetry\opentelemetry-api-incubator\1.44.1-alpha\opentelemetry-api-incubator-1.44.1-alpha.jar;C:\Users\FedericaPanceri\.m2\repository\io\opentelemetry\semconv\opentelemetry-semconv\1.28.0-alpha\opentelemetry-semconv-1.28.0-alpha.jar;C:\Users\FedericaPanceri\.m2\repository\com\cronutils\cron-utils\9.2.1\cron-utils-9.2.1.jar;C:\Users\FedericaPanceri\.m2\repository\io\quarkus\quarkus-virtual-threads\3.22.3\quarkus-virtual-threads-3.22.3.jar;C:\Users\FedericaPanceri\.m2\repository\io\vertx\vertx-core\4.5.14\vertx-core-4.5.14.jar;C:\Users\FedericaPanceri\.m2\repository\io\netty\netty-common\4.1.119.Final\netty-common-4.1.119.Final.jar;C:\Users\FedericaPanceri\.m2\repository\io\netty\netty-buffer\4.1.119.Final\netty-buffer-4.1.119.Final.jar;C:\Users\FedericaPanceri\.m2\repository\io\netty\netty-transport\4.1.119.Final\netty-transport-4.1.119.Final.jar;C:\Users\FedericaPanceri\.m2\repository\io\netty\netty-handler\4.1.119.Final\netty-handler-4.1.119.Final.jar;C:\Users\FedericaPanceri\.m2\repository\io\netty\netty-transport-native-unix-common\4.1.119.Final\netty-transport-native-unix-common-4.1.119.Final.jar;C:\Users\FedericaPanceri\.m2\repository\io\netty\netty-handler-proxy\4.1.119.Final\netty-handler-proxy-4.1.119.Final.jar;C:\Users\FedericaPanceri\.m2\repository\io\netty\netty-codec-socks\4.1.119.Final\netty-codec-socks-4.1.119.Final.jar;C:\Users\FedericaPanceri\.m2\repository\io\netty\netty-codec-http\4.1.119.Final\netty-codec-http-4.1.119.Final.jar;C:\Users\FedericaPanceri\.m2\repository\io\netty\netty-codec-http2\4.1.119.Final\netty-codec-http2-4.1.119.Final.jar;C:\Users\FedericaPanceri\.m2\repository\io\netty\netty-resolver\4.1.119.Final\netty-resolver-4.1.119.Final.jar;C:\Users\FedericaPanceri\.m2\repository\io\netty\netty-resolver-dns\4.1.119.Final\netty-resolver-dns-4.1.119.Final.jar;C:\Users\FedericaPanceri\.m2\repository\io\netty\netty-codec-dns\4.1.119.Final\netty-codec-dns-4.1.119.Final.jar;C:\Users\FedericaPanceri\.m2\repository\io\quarkus\quarkus-vertx\3.22.3\quarkus-vertx-3.22.3.jar;C:\Users\FedericaPanceri\.m2\repository\io\quarkus\quarkus-netty\3.22.3\quarkus-netty-3.22.3.jar;C:\Users\FedericaPanceri\.m2\repository\io\netty\netty-codec\4.1.119.Final\netty-codec-4.1.119.Final.jar;C:\Users\FedericaPanceri\.m2\repository\io\netty\netty-codec-haproxy\4.1.119.Final\netty-codec-haproxy-4.1.119.Final.jar;C:\Users\FedericaPanceri\.m2\repository\io\smallrye\common\smallrye-common-annotation\2.12.0\smallrye-common-annotation-2.12.0.jar;C:\Users\FedericaPanceri\.m2\repository\io\quarkus\quarkus-vertx-latebound-mdc-provider\3.22.3\quarkus-vertx-latebound-mdc-provider-3.22.3.jar;C:\Users\FedericaPanceri\.m2\repository\io\smallrye\reactive\smallrye-mutiny-vertx-core\3.18.1\smallrye-mutiny-vertx-core-3.18.1.jar;C:\Users\FedericaPanceri\.m2\repository\io\smallrye\reactive\smallrye-mutiny-vertx-runtime\3.18.1\smallrye-mutiny-vertx-runtime-3.18.1.jar;C:\Users\FedericaPanceri\.m2\repository\io\smallrye\reactive\vertx-mutiny-generator\3.18.1\vertx-mutiny-generator-3.18.1.jar;C:\Users\FedericaPanceri\.m2\repository\io\vertx\vertx-codegen\4.5.14\vertx-codegen-4.5.14.jar;C:\Users\FedericaPanceri\.m2\repository\io\smallrye\smallrye-fault-tolerance-vertx\6.9.1\smallrye-fault-tolerance-vertx-6.9.1.jar;C:\Users\FedericaPanceri\.m2\repository\org\jboss\slf4j\slf4j-jboss-logmanager\2.0.0.Final\slf4j-jboss-logmanager-2.0.0.Final.jar;C:\Users\FedericaPanceri\.m2\repository\org\glassfish\expressly\expressly\5.0.0\expressly-5.0.0.jar;C:\Users\FedericaPanceri\.m2\repository\jakarta\el\jakarta.el-api\5.0.1\jakarta.el-api-5.0.1.jar;C:\Users\FedericaPanceri\.m2\repository\io\quarkus\quarkus-jdbc-postgresql\3.22.3\quarkus-jdbc-postgresql-3.22.3.jar;C:\Users\FedericaPanceri\.m2\repository\org\postgresql\postgresql\42.7.5\postgresql-42.7.5.jar;C:\Users\FedericaPanceri\.m2\repository\io\quarkus\quarkus-jdbc-h2\3.22.3\quarkus-jdbc-h2-3.22.3.jar;C:\Users\FedericaPanceri\.m2\repository\org\locationtech\jts\jts-core\1.19.0\jts-core-1.19.0.jar;C:\Users\FedericaPanceri\.m2\repository\com\h2database\h2\2.3.230\h2-2.3.230.jar;C:\Users\FedericaPanceri\.m2\repository\io\quarkus\quarkus-arc\3.22.3\quarkus-arc-3.22.3.jar;C:\Users\FedericaPanceri\.m2\repository\io\quarkus\arc\arc\3.22.3\arc-3.22.3.jar;C:\Users\FedericaPanceri\.m2\repository\io\smallrye\reactive\mutiny\2.8.0\mutiny-2.8.0.jar;C:\Users\FedericaPanceri\.m2\repository\org\jctools\jctools-core\4.0.5\jctools-core-4.0.5.jar;C:\Users\FedericaPanceri\.m2\repository\org\eclipse\microprofile\context-propagation\microprofile-context-propagation-api\1.3\microprofile-context-propagation-api-1.3.jar;C:\Users\FedericaPanceri\.m2\repository\io\quarkus\quarkus-hibernate-orm\3.22.3\quarkus-hibernate-orm-3.22.3.jar;C:\Users\FedericaPanceri\.m2\repository\org\hibernate\orm\hibernate-core\6.6.14.Final\hibernate-core-6.6.14.Final.jar;C:\Users\FedericaPanceri\.m2\repository\com\fasterxml\classmate\1.7.0\classmate-1.7.0.jar;C:\Users\FedericaPanceri\.m2\repository\net\bytebuddy\byte-buddy\1.15.11\byte-buddy-1.15.11.jar;C:\Users\FedericaPanceri\.m2\repository\org\hibernate\common\hibernate-commons-annotations\7.0.3.Final\hibernate-commons-annotations-7.0.3.Final.jar;C:\Users\FedericaPanceri\.m2\repository\org\hibernate\orm\hibernate-graalvm\6.6.14.Final\hibernate-graalvm-6.6.14.Final.jar;C:\Users\FedericaPanceri\.m2\repository\org\glassfish\jaxb\jaxb-runtime\4.0.5\jaxb-runtime-4.0.5.jar;C:\Users\FedericaPanceri\.m2\repository\org\glassfish\jaxb\jaxb-core\4.0.5\jaxb-core-4.0.5.jar;C:\Users\FedericaPanceri\.m2\repository\org\eclipse\angus\angus-activation\2.0.2\angus-activation-2.0.2.jar;C:\Users\FedericaPanceri\.m2\repository\org\glassfish\jaxb\txw2\4.0.5\txw2-4.0.5.jar;C:\Users\FedericaPanceri\.m2\repository\com\sun\istack\istack-commons-runtime\4.1.2\istack-commons-runtime-4.1.2.jar;C:\Users\FedericaPanceri\.m2\repository\jakarta\xml\bind\jakarta.xml.bind-api\4.0.2\jakarta.xml.bind-api-4.0.2.jar;C:\Users\FedericaPanceri\.m2\repository\jakarta\activation\jakarta.activation-api\2.1.3\jakarta.activation-api-2.1.3.jar;C:\Users\FedericaPanceri\.m2\repository\jakarta\persistence\jakarta.persistence-api\3.1.0\jakarta.persistence-api-3.1.0.jar;C:\Users\FedericaPanceri\.m2\repository\jakarta\transaction\jakarta.transaction-api\2.0.1\jakarta.transaction-api-2.0.1.jar;C:\Users\FedericaPanceri\.m2\repository\org\hibernate\quarkus-local-cache\0.3.1\quarkus-local-cache-0.3.1.jar;C:\Users\FedericaPanceri\.m2\repository\io\quarkus\quarkus-caffeine\3.22.3\quarkus-caffeine-3.22.3.jar;C:\Users\FedericaPanceri\.m2\repository\com\github\ben-manes\caffeine\caffeine\3.2.0\caffeine-3.2.0.jar;C:\Users\FedericaPanceri\.m2\repository\org\jspecify\jspecify\1.0.0\jspecify-1.0.0.jar;C:\Users\FedericaPanceri\.m2\repository\com\google\errorprone\error_prone_annotations\2.37.0\error_prone_annotations-2.37.0.jar;C:\Users\FedericaPanceri\.m2\repository\io\quarkus\quarkus-junit5-mockito\3.22.3\quarkus-junit5-mockito-3.22.3.jar;C:\Users\FedericaPanceri\.m2\repository\org\mockito\mockito-junit-jupiter\5.17.0\mockito-junit-jupiter-5.17.0.jar;C:\Users\FedericaPanceri\.m2\repository\org\junit\jupiter\junit-jupiter-api\5.12.2\junit-jupiter-api-5.12.2.jar;C:\Users\FedericaPanceri\.m2\repository\org\opentest4j\opentest4j\1.3.0\opentest4j-1.3.0.jar;C:\Users\FedericaPanceri\.m2\repository\org\junit\platform\junit-platform-commons\1.12.2\junit-platform-commons-1.12.2.jar;C:\Users\FedericaPanceri\.m2\repository\org\apiguardian\apiguardian-api\1.1.2\apiguardian-api-1.1.2.jar;C:\Users\FedericaPanceri\.m2\repository\io\quarkus\quarkus-junit5-mockito-config\3.22.3\quarkus-junit5-mockito-config-3.22.3.jar;C:\Users\FedericaPanceri\.m2\repository\io\quarkus\quarkus-arc-deployment\3.22.3\quarkus-arc-deployment-3.22.3.jar;C:\Users\FedericaPanceri\.m2\repository\io\quarkus\quarkus-core-deployment\3.22.3\quarkus-core-deployment-3.22.3.jar;C:\Users\FedericaPanceri\.m2\repository\org\aesh\readline\2.6\readline-2.6.jar;C:\Users\FedericaPanceri\.m2\repository\org\fusesource\jansi\jansi\2.4.0\jansi-2.4.0.jar;C:\Users\FedericaPanceri\.m2\repository\org\aesh\aesh\2.8.2\aesh-2.8.2.jar;C:\Users\FedericaPanceri\.m2\repository\io\quarkus\gizmo\gizmo\1.9.0\gizmo-1.9.0.jar;C:\Users\FedericaPanceri\.m2\repository\org\ow2\asm\asm-util\9.8\asm-util-9.8.jar;C:\Users\FedericaPanceri\.m2\repository\org\ow2\asm\asm-analysis\9.8\asm-analysis-9.8.jar;C:\Users\FedericaPanceri\.m2\repository\org\ow2\asm\asm\9.8\asm-9.8.jar;C:\Users\FedericaPanceri\.m2\repository\org\ow2\asm\asm-commons\9.8\asm-commons-9.8.jar;C:\Users\FedericaPanceri\.m2\repository\org\ow2\asm\asm-tree\9.8\asm-tree-9.8.jar;C:\Users\FedericaPanceri\.m2\repository\io\quarkus\quarkus-hibernate-validator-spi\3.22.3\quarkus-hibernate-validator-spi-3.22.3.jar;C:\Users\FedericaPanceri\.m2\repository\io\quarkus\quarkus-class-change-agent\3.22.3\quarkus-class-change-agent-3.22.3.jar;C:\Users\FedericaPanceri\.m2\repository\io\quarkus\quarkus-devtools-utilities\3.22.3\quarkus-devtools-utilities-3.22.3.jar;C:\Users\FedericaPanceri\.m2\repository\io\quarkus\quarkus-builder\3.22.3\quarkus-builder-3.22.3.jar;C:\Users\FedericaPanceri\.m2\repository\org\graalvm\sdk\nativeimage\23.1.2\nativeimage-23.1.2.jar;C:\Users\FedericaPanceri\.m2\repository\org\graalvm\sdk\word\23.1.2\word-23.1.2.jar;C:\Users\FedericaPanceri\.m2\repository\org\junit\platform\junit-platform-launcher\1.12.2\junit-platform-launcher-1.12.2.jar;C:\Users\FedericaPanceri\.m2\repository\io\quarkus\quarkus-smallrye-context-propagation-spi\3.22.3\quarkus-smallrye-context-propagation-spi-3.22.3.jar;C:\Users\FedericaPanceri\.m2\repository\io\quarkus\quarkus-vertx-http-dev-ui-spi\3.22.3\quarkus-vertx-http-dev-ui-spi-3.22.3.jar;C:\Users\FedericaPanceri\.m2\repository\io\quarkus\arc\arc-processor\3.22.3\arc-processor-3.22.3.jar;C:\Users\FedericaPanceri\.m2\repository\org\mockito\mockito-core\5.17.0\mockito-core-5.17.0.jar;C:\Users\FedericaPanceri\.m2\repository\net\bytebuddy\byte-buddy-agent\1.15.11\byte-buddy-agent-1.15.11.jar;C:\Users\FedericaPanceri\.m2\repository\org\objenesis\objenesis\3.3\objenesis-3.3.jar;C:\Users\FedericaPanceri\.m2\repository\io\quarkus\quarkus-mutiny\3.22.3\quarkus-mutiny-3.22.3.jar;C:\Users\FedericaPanceri\.m2\repository\io\quarkus\quarkus-smallrye-context-propagation\3.22.3\quarkus-smallrye-context-propagation-3.22.3.jar;C:\Users\FedericaPanceri\.m2\repository\io\smallrye\smallrye-context-propagation\2.2.1\smallrye-context-propagation-2.2.1.jar;C:\Users\FedericaPanceri\.m2\repository\io\smallrye\smallrye-context-propagation-api\2.2.1\smallrye-context-propagation-api-2.2.1.jar;C:\Users\FedericaPanceri\.m2\repository\io\smallrye\smallrye-context-propagation-storage\2.2.1\smallrye-context-propagation-storage-2.2.1.jar;C:\Users\FedericaPanceri\.m2\repository\io\smallrye\reactive\mutiny-smallrye-context-propagation\2.8.0\mutiny-smallrye-context-propagation-2.8.0.jar;C:\Users\FedericaPanceri\.m2\repository\io\quarkus\quarkus-rest\3.22.3\quarkus-rest-3.22.3.jar;C:\Users\FedericaPanceri\.m2\repository\io\quarkus\quarkus-rest-common\3.22.3\quarkus-rest-common-3.22.3.jar;C:\Users\FedericaPanceri\.m2\repository\io\quarkus\resteasy\reactive\resteasy-reactive-common\3.22.3\resteasy-reactive-common-3.22.3.jar;C:\Users\FedericaPanceri\.m2\repository\io\quarkus\resteasy\reactive\resteasy-reactive-common-types\3.22.3\resteasy-reactive-common-types-3.22.3.jar;C:\Users\FedericaPanceri\.m2\repository\io\quarkus\resteasy\reactive\resteasy-reactive-vertx\3.22.3\resteasy-reactive-vertx-3.22.3.jar;C:\Users\FedericaPanceri\.m2\repository\io\quarkus\resteasy\reactive\resteasy-reactive\3.22.3\resteasy-reactive-3.22.3.jar;C:\Users\FedericaPanceri\.m2\repository\io\quarkus\vertx\utils\quarkus-vertx-utils\3.22.3\quarkus-vertx-utils-3.22.3.jar;C:\Users\FedericaPanceri\.m2\repository\jakarta\ws\rs\jakarta.ws.rs-api\3.1.0\jakarta.ws.rs-api-3.1.0.jar;C:\Users\FedericaPanceri\.m2\repository\org\jboss\logging\commons-logging-jboss-logging\1.0.0.Final\commons-logging-jboss-logging-1.0.0.Final.jar;C:\Users\FedericaPanceri\.m2\repository\io\quarkus\quarkus-jsonp\3.22.3\quarkus-jsonp-3.22.3.jar;C:\Users\FedericaPanceri\.m2\repository\org\eclipse\parsson\parsson\1.1.7\parsson-1.1.7.jar;C:\Users\FedericaPanceri\.m2\repository\io\quarkus\quarkus-rest-client-jackson\3.23.2\quarkus-rest-client-jackson-3.23.2.jar;C:\Users\FedericaPanceri\.m2\repository\io\quarkus\resteasy\reactive\resteasy-reactive-jackson\3.22.3\resteasy-reactive-jackson-3.22.3.jar;C:\Users\FedericaPanceri\.m2\repository\io\quarkus\quarkus-rest-jackson-common\3.22.3\quarkus-rest-jackson-common-3.22.3.jar;C:\Users\FedericaPanceri\.m2\repository\io\quarkus\quarkus-rest-client\3.22.3\quarkus-rest-client-3.22.3.jar;C:\Users\FedericaPanceri\.m2\repository\io\quarkus\quarkus-rest-client-jaxrs\3.22.3\quarkus-rest-client-jaxrs-3.22.3.jar;C:\Users\FedericaPanceri\.m2\repository\io\quarkus\resteasy\reactive\resteasy-reactive-client\3.22.3\resteasy-reactive-client-3.22.3.jar;C:\Users\FedericaPanceri\.m2\repository\io\smallrye\stork\stork-api\2.7.3\stork-api-2.7.3.jar;C:\Users\FedericaPanceri\.m2\repository\io\vertx\vertx-web-client\4.5.14\vertx-web-client-4.5.14.jar;C:\Users\FedericaPanceri\.m2\repository\io\quarkus\quarkus-rest-client-config\3.22.3\quarkus-rest-client-config-3.22.3.jar;C:\Users\FedericaPanceri\.m2\repository\org\eclipse\microprofile\rest\client\microprofile-rest-client-api\4.0\microprofile-rest-client-api-4.0.jar;C:\Users\FedericaPanceri\.m2\repository\io\quarkus\quarkus-rest-jackson\3.22.3\quarkus-rest-jackson-3.22.3.jar;C:\Users\FedericaPanceri\.m2\repository\io\rest-assured\rest-assured\5.5.1\rest-assured-5.5.1.jar;C:\Users\FedericaPanceri\.m2\repository\org\apache\groovy\groovy\4.0.22\groovy-4.0.22.jar;C:\Users\FedericaPanceri\.m2\repository\org\apache\groovy\groovy-xml\4.0.22\groovy-xml-4.0.22.jar;C:\Users\FedericaPanceri\.m2\repository\org\apache\httpcomponents\httpclient\4.5.14\httpclient-4.5.14.jar;C:\Users\FedericaPanceri\.m2\repository\org\apache\httpcomponents\httpcore\4.4.16\httpcore-4.4.16.jar;C:\Users\FedericaPanceri\.m2\repository\commons-codec\commons-codec\1.18.0\commons-codec-1.18.0.jar;C:\Users\FedericaPanceri\.m2\repository\org\apache\httpcomponents\httpmime\4.5.14\httpmime-4.5.14.jar;C:\Users\FedericaPanceri\.m2\repository\org\hamcrest\hamcrest\2.2\hamcrest-2.2.jar;C:\Users\FedericaPanceri\.m2\repository\org\ccil\cowan\tagsoup\tagsoup\1.2.1\tagsoup-1.2.1.jar;C:\Users\FedericaPanceri\.m2\repository\io\rest-assured\json-path\5.5.1\json-path-5.5.1.jar;C:\Users\FedericaPanceri\.m2\repository\org\apache\groovy\groovy-json\4.0.22\groovy-json-4.0.22.jar;C:\Users\FedericaPanceri\.m2\repository\io\rest-assured\rest-assured-common\5.5.1\rest-assured-common-5.5.1.jar;C:\Users\FedericaPanceri\.m2\repository\io\rest-assured\xml-path\5.5.1\xml-path-5.5.1.jar;C:\Users\FedericaPanceri\.m2\repository\org\apache\commons\commons-lang3\3.17.0\commons-lang3-3.17.0.jar;C:\Users\FedericaPanceri\.m2\repository\io\quarkus\quarkus-junit5\3.22.3\quarkus-junit5-3.22.3.jar;C:\Users\FedericaPanceri\.m2\repository\io\quarkus\quarkus-bootstrap-core\3.22.3\quarkus-bootstrap-core-3.22.3.jar;C:\Users\FedericaPanceri\.m2\repository\io\quarkus\quarkus-classloader-commons\3.22.3\quarkus-classloader-commons-3.22.3.jar;C:\Users\FedericaPanceri\.m2\repository\io\quarkus\quarkus-bootstrap-app-model\3.22.3\quarkus-bootstrap-app-model-3.22.3.jar;C:\Users\FedericaPanceri\.m2\repository\io\smallrye\common\smallrye-common-io\2.12.0\smallrye-common-io-2.12.0.jar;C:\Users\FedericaPanceri\.m2\repository\org\eclipse\sisu\org.eclipse.sisu.inject\0.9.0.M3\org.eclipse.sisu.inject-0.9.0.M3.jar;C:\Users\FedericaPanceri\.m2\repository\io\quarkus\quarkus-test-common\3.22.3\quarkus-test-common-3.22.3.jar;C:\Users\FedericaPanceri\.m2\repository\io\quarkus\quarkus-bootstrap-maven-resolver\3.22.3\quarkus-bootstrap-maven-resolver-3.22.3.jar;C:\Users\FedericaPanceri\.m2\repository\io\smallrye\beanbag\smallrye-beanbag-maven\1.5.2\smallrye-beanbag-maven-1.5.2.jar;C:\Users\FedericaPanceri\.m2\repository\io\smallrye\beanbag\smallrye-beanbag-sisu\1.5.2\smallrye-beanbag-sisu-1.5.2.jar;C:\Users\FedericaPanceri\.m2\repository\io\smallrye\beanbag\smallrye-beanbag\1.5.2\smallrye-beanbag-1.5.2.jar;C:\Users\FedericaPanceri\.m2\repository\javax\inject\javax.inject\1\javax.inject-1.jar;C:\Users\FedericaPanceri\.m2\repository\org\apache\maven\maven-artifact\3.9.9\maven-artifact-3.9.9.jar;C:\Users\FedericaPanceri\.m2\repository\org\apache\maven\maven-builder-support\3.9.9\maven-builder-support-3.9.9.jar;C:\Users\FedericaPanceri\.m2\repository\org\apache\maven\maven-model\3.9.9\maven-model-3.9.9.jar;C:\Users\FedericaPanceri\.m2\repository\org\apache\maven\maven-model-builder\3.9.9\maven-model-builder-3.9.9.jar;C:\Users\FedericaPanceri\.m2\repository\org\apache\maven\maven-repository-metadata\3.9.9\maven-repository-metadata-3.9.9.jar;C:\Users\FedericaPanceri\.m2\repository\org\apache\maven\maven-settings\3.9.9\maven-settings-3.9.9.jar;C:\Users\FedericaPanceri\.m2\repository\org\apache\maven\resolver\maven-resolver-api\1.9.22\maven-resolver-api-1.9.22.jar;C:\Users\FedericaPanceri\.m2\repository\org\apache\maven\resolver\maven-resolver-impl\1.9.22\maven-resolver-impl-1.9.22.jar;C:\Users\FedericaPanceri\.m2\repository\org\apache\maven\resolver\maven-resolver-named-locks\1.9.22\maven-resolver-named-locks-1.9.22.jar;C:\Users\FedericaPanceri\.m2\repository\org\apache\maven\resolver\maven-resolver-spi\1.9.22\maven-resolver-spi-1.9.22.jar;C:\Users\FedericaPanceri\.m2\repository\org\apache\maven\resolver\maven-resolver-util\1.9.22\maven-resolver-util-1.9.22.jar;C:\Users\FedericaPanceri\.m2\repository\org\apache\maven\resolver\maven-resolver-transport-http\1.9.20\maven-resolver-transport-http-1.9.20.jar;C:\Users\FedericaPanceri\.m2\repository\org\apache\maven\wagon\wagon-provider-api\3.5.3\wagon-provider-api-3.5.3.jar;C:\Users\FedericaPanceri\.m2\repository\org\apache\maven\wagon\wagon-http-shared\3.5.3\wagon-http-shared-3.5.3.jar;C:\Users\FedericaPanceri\.m2\repository\org\codehaus\plexus\plexus-interpolation\1.26\plexus-interpolation-1.26.jar;C:\Users\FedericaPanceri\.m2\repository\org\codehaus\plexus\plexus-utils\3.5.1\plexus-utils-3.5.1.jar;C:\Users\FedericaPanceri\.m2\repository\org\codehaus\plexus\plexus-xml\4.0.1\plexus-xml-4.0.1.jar;C:\Users\FedericaPanceri\.m2\repository\org\apache\maven\maven-xml-impl\4.0.0-alpha-5\maven-xml-impl-4.0.0-alpha-5.jar;C:\Users\FedericaPanceri\.m2\repository\org\apache\maven\maven-api-xml\4.0.0-alpha-5\maven-api-xml-4.0.0-alpha-5.jar;C:\Users\FedericaPanceri\.m2\repository\org\apache\maven\maven-api-meta\4.0.0-alpha-5\maven-api-meta-4.0.0-alpha-5.jar;C:\Users\FedericaPanceri\.m2\repository\org\codehaus\plexus\plexus-cipher\2.0\plexus-cipher-2.0.jar;C:\Users\FedericaPanceri\.m2\repository\org\codehaus\plexus\plexus-sec-dispatcher\2.0\plexus-sec-dispatcher-2.0.jar;C:\Users\FedericaPanceri\.m2\repository\org\apache\maven\maven-embedder\3.9.9\maven-embedder-3.9.9.jar;C:\Users\FedericaPanceri\.m2\repository\org\apache\maven\maven-core\3.9.9\maven-core-3.9.9.jar;C:\Users\FedericaPanceri\.m2\repository\org\codehaus\plexus\plexus-component-annotations\2.1.0\plexus-component-annotations-2.1.0.jar;C:\Users\FedericaPanceri\.m2\repository\org\apache\maven\maven-plugin-api\3.9.9\maven-plugin-api-3.9.9.jar;C:\Users\FedericaPanceri\.m2\repository\org\apache\maven\shared\maven-shared-utils\3.4.2\maven-shared-utils-3.4.2.jar;C:\Users\FedericaPanceri\.m2\repository\com\google\inject\guice\5.1.0\guice-5.1.0.jar;C:\Users\FedericaPanceri\.m2\repository\aopalliance\aopalliance\1.0\aopalliance-1.0.jar;C:\Users\FedericaPanceri\.m2\repository\com\google\guava\guava\33.4.8-jre\guava-33.4.8-jre.jar;C:\Users\FedericaPanceri\.m2\repository\com\google\guava\failureaccess\1.0.1\failureaccess-1.0.1.jar;C:\Users\FedericaPanceri\.m2\repository\javax\annotation\javax.annotation-api\1.3.2\javax.annotation-api-1.3.2.jar;C:\Users\FedericaPanceri\.m2\repository\org\codehaus\plexus\plexus-classworlds\2.6.0\plexus-classworlds-2.6.0.jar;C:\Users\FedericaPanceri\.m2\repository\commons-cli\commons-cli\1.8.0\commons-cli-1.8.0.jar;C:\Users\FedericaPanceri\.m2\repository\org\eclipse\sisu\org.eclipse.sisu.plexus\0.9.0.M3\org.eclipse.sisu.plexus-0.9.0.M3.jar;C:\Users\FedericaPanceri\.m2\repository\org\apache\maven\maven-settings-builder\3.9.9\maven-settings-builder-3.9.9.jar;C:\Users\FedericaPanceri\.m2\repository\org\apache\maven\maven-resolver-provider\3.9.9\maven-resolver-provider-3.9.9.jar;C:\Users\FedericaPanceri\.m2\repository\org\apache\maven\resolver\maven-resolver-connector-basic\1.9.22\maven-resolver-connector-basic-1.9.22.jar;C:\Users\FedericaPanceri\.m2\repository\org\apache\maven\resolver\maven-resolver-transport-wagon\1.9.22\maven-resolver-transport-wagon-1.9.22.jar;C:\Users\FedericaPanceri\.m2\repository\org\apache\maven\wagon\wagon-http\3.5.3\wagon-http-3.5.3.jar;C:\Users\FedericaPanceri\.m2\repository\org\apache\maven\wagon\wagon-file\3.5.3\wagon-file-3.5.3.jar;C:\Users\FedericaPanceri\.m2\repository\io\quarkus\quarkus-bootstrap-gradle-resolver\3.22.3\quarkus-bootstrap-gradle-resolver-3.22.3.jar;C:\Users\FedericaPanceri\.m2\repository\commons-io\commons-io\2.19.0\commons-io-2.19.0.jar;C:\Users\FedericaPanceri\.m2\repository\io\quarkus\quarkus-junit5-config\3.22.3\quarkus-junit5-config-3.22.3.jar;C:\Users\FedericaPanceri\.m2\repository\org\junit\jupiter\junit-jupiter\5.12.2\junit-jupiter-5.12.2.jar;C:\Users\FedericaPanceri\.m2\repository\org\junit\jupiter\junit-jupiter-params\5.12.2\junit-jupiter-params-5.12.2.jar;C:\Users\FedericaPanceri\.m2\repository\org\junit\jupiter\junit-jupiter-engine\5.12.2\junit-jupiter-engine-5.12.2.jar;C:\Users\FedericaPanceri\.m2\repository\org\junit\platform\junit-platform-engine\1.12.2\junit-platform-engine-1.12.2.jar;"/>
    <property name="sun.cpu.endian" value="little"/>
    <property name="vertx.disableWebsockets" value="true"/>
    <property name="user.home" value="C:\Users\FedericaPanceri"/>
    <property name="user.language" value="it"/>
    <property name="jboss.log-version" value="false"/>
    <property name="java.specification.vendor" value="Oracle Corporation"/>
    <property name="io.netty.allocator.maxOrder" value="3"/>
    <property name="java.version.date" value="2025-01-21"/>
    <property name="java.home" value="C:\Program Files\Java\jdk-21"/>
    <property name="file.separator" value="\"/>
    <property name="basedir" value="C:\Users\FedericaPanceri\progetti stage\bank-test"/>
    <property name="java.vm.compressedOopsMode" value="Zero based"/>
    <property name="line.separator" value="&#10;"/>
    <property name="java.vm.specification.vendor" value="Oracle Corporation"/>
    <property name="java.specification.name" value="Java Platform API Specification"/>
    <property name="io.netty.allocator.disableCacheFinalizersForFastThreadLocalThreads" value="true"/>
    <property name="surefire.real.class.path" value="C:\Users\FedericaPanceri\AppData\Local\Temp\surefire12144114998407210304\surefirebooter-20250630152321909_3.jar"/>
    <property name="user.script" value=""/>
    <property name="polyglot.engine.WarnInterpreterOnly" value="false"/>
    <property name="sun.management.compiler" value="HotSpot 64-Bit Tiered Compilers"/>
    <property name="java.runtime.version" value="21.0.6+8-LTS-188"/>
    <property name="user.name" value="FedericaPanceri"/>
    <property name="stdout.encoding" value="Cp1252"/>
    <property name="path.separator" value=";"/>
    <property name="os.version" value="10.0"/>
    <property name="java.runtime.name" value="Java(TM) SE Runtime Environment"/>
    <property name="file.encoding" value="UTF-8"/>
    <property name="java.vm.name" value="Java HotSpot(TM) 64-Bit Server VM"/>
    <property name="localRepository" value="C:\Users\FedericaPanceri\.m2\repository"/>
    <property name="java.vendor.url.bug" value="https://bugreport.java.com/bugreport/"/>
    <property name="java.io.tmpdir" value="C:\Users\FEDERI~1\AppData\Local\Temp\"/>
    <property name="quarkus.log.file.path" value="target\quarkus.log"/>
    <property name="java.version" value="21.0.6"/>
    <property name="java.util.concurrent.ForkJoinPool.common.threadFactory" value="io.quarkus.bootstrap.forkjoin.QuarkusForkJoinWorkerThreadFactory"/>
    <property name="user.dir" value="C:\Users\FedericaPanceri\progetti stage\bank-test"/>
    <property name="os.arch" value="amd64"/>
    <property name="java.vm.specification.name" value="Java Virtual Machine Specification"/>
    <property name="vertx.disableDnsResolver" value="true"/>
    <property name="sun.os.patch.level" value=""/>
    <property name="native.encoding" value="Cp1252"/>
    <property name="java.util.logging.manager" value="org.jboss.logmanager.LogManager"/>
    <property name="java.library.path" value="C:\Program Files\Java\jdk-21\bin;C:\WINDOWS\Sun\Java\bin;C:\WINDOWS\system32;C:\WINDOWS;C:\Users\FedericaPanceri\bin;C:\Program Files\Git\mingw64\bin;C:\Program Files\Git\usr\local\bin;C:\Program Files\Git\usr\bin;C:\Program Files\Git\usr\bin;C:\Program Files\Git\mingw64\bin;C:\Program Files\Git\usr\bin;C:\Users\FedericaPanceri\bin;C:\Program Files\Common Files\Oracle\Java\javapath;C:\Python312\Scripts;C:\Python312;C:\WINDOWS\system32;C:\WINDOWS;C:\WINDOWS\System32\Wbem;C:\WINDOWS\System32\WindowsPowerShell\v1.0;C:\WINDOWS\System32\OpenSSH;C:\ProgramData\chocolatey\bin;C:\Program Files\nodejs;%JAVA_HOME%\bin;C:\Program Files\Git\cmd;C:\Program Files\Docker\Docker\resources\bin;C:\PROGRA~1\Red Gate\Flyway Desktop;C:\Program Files\MySQL\MySQL Shell 8.0\bin;C:\Users\FedericaPanceri\AppData\Local\Microsoft\WindowsApps;C:\Users\FedericaPanceri\AppData\Local\Programs\Microsoft VS Code\bin;C:\Users\FedericaPanceri\OneDrive - ITS Angelo Rizzoli\Documenti\apache-maven-3.9.9\bin;C:\Users\FedericaPanceri\AppData\Roaming\npm;C:\Program Files\Git\usr\bin\vendor_perl;C:\Program Files\Git\usr\bin\core_perl;."/>
    <property name="jdk.console" value="java.base"/>
    <property name="java.vm.info" value="mixed mode, sharing"/>
    <property name="stderr.encoding" value="Cp1252"/>
    <property name="java.vendor" value="Oracle Corporation"/>
    <property name="vertx.disableTCCL" value="true"/>
    <property name="java.vm.version" value="21.0.6+8-LTS-188"/>
    <property name="vertx.logger-delegate-factory-class-name" value="io.quarkus.vertx.core.runtime.VertxLogDelegateFactory"/>
    <property name="sun.io.unicode.encoding" value="UnicodeLittle"/>
    <property name="io.netty.machineId" value="21:56:19:57:af:9f:cc:8f"/>
    <property name="java.class.version" value="65.0"/>
  </properties>
  <testcase name="addRule_shouldReturnBadRequest_whenCentroIsMissing" classname="it.coderit.banktestapp.controller.ClassificationRuleControllerTest" time="3.888">
    <system-out><![CDATA[&amp#27;[38;5;145m2025-06-30 15:23:29,110&amp#27;[39m&amp#27;[38;5;188m &amp#27;[39m&amp#27;[38;5;137mWARN &amp#27;[39m&amp#27;[38;5;188m [&amp#27;[39m&amp#27;[38;5;69mio.qua.run.log.LoggingSetupRecorder&amp#27;[39m&amp#27;[38;5;188m] (&amp#27;[39m&amp#27;[38;5;71mbuild-14&amp#27;[39m&amp#27;[38;5;188m) &amp#27;[39m&amp#27;[38;5;151m&amp#27;[39mLog level &amp#27;[38;5;188mTRACE&amp#27;[39m for category '&amp#27;[38;5;188morg.flywaydb&amp#27;[39m' set below minimum logging level &amp#27;[38;5;188mDEBUG&amp#27;[39m, promoting it to &amp#27;[38;5;188mDEBUG&amp#27;[39m. Set the build time configuration property 'quarkus.log.category."&amp#27;[38;5;188morg.flywaydb&amp#27;[39m".min-level' to '&amp#27;[38;5;188mTRACE&amp#27;[39m' to avoid this warning&amp#27;[39m&amp#27;[38;5;203m&amp#27;[39m&amp#27;[38;5;227m
&amp#27;[39m&amp#27;[38;5;145m2025-06-30 15:23:29,110&amp#27;[39m&amp#27;[38;5;188m &amp#27;[39m&amp#27;[38;5;137mWARN &amp#27;[39m&amp#27;[38;5;188m [&amp#27;[39m&amp#27;[38;5;69mio.qua.run.log.LoggingSetupRecorder&amp#27;[39m&amp#27;[38;5;188m] (&amp#27;[39m&amp#27;[38;5;71mbuild-14&amp#27;[39m&amp#27;[38;5;188m) &amp#27;[39m&amp#27;[38;5;151m&amp#27;[39mLog level &amp#27;[38;5;188mTRACE&amp#27;[39m for category '&amp#27;[38;5;188mio.quarkus.flyway&amp#27;[39m' set below minimum logging level &amp#27;[38;5;188mDEBUG&amp#27;[39m, promoting it to &amp#27;[38;5;188mDEBUG&amp#27;[39m. Set the build time configuration property 'quarkus.log.category."&amp#27;[38;5;188mio.quarkus.flyway&amp#27;[39m".min-level' to '&amp#27;[38;5;188mTRACE&amp#27;[39m' to avoid this warning&amp#27;[39m&amp#27;[38;5;203m&amp#27;[39m&amp#27;[38;5;227m
&amp#27;[39m&amp#27;[38;5;145m2025-06-30 15:23:32,567&amp#27;[39m&amp#27;[38;5;188m &amp#27;[39m&amp#27;[38;5;137mWARN &amp#27;[39m&amp#27;[38;5;188m [&amp#27;[39m&amp#27;[38;5;69mio.qua.run.log.LoggingSetupRecorder&amp#27;[39m&amp#27;[38;5;188m] (&amp#27;[39m&amp#27;[38;5;71mmain&amp#27;[39m&amp#27;[38;5;188m) &amp#27;[39m&amp#27;[38;5;151m&amp#27;[39mLog level &amp#27;[38;5;188mTRACE&amp#27;[39m for category '&amp#27;[38;5;188morg.flywaydb&amp#27;[39m' set below minimum logging level &amp#27;[38;5;188mDEBUG&amp#27;[39m, promoting it to &amp#27;[38;5;188mDEBUG&amp#27;[39m. Set the build time configuration property 'quarkus.log.category."&amp#27;[38;5;188morg.flywaydb&amp#27;[39m".min-level' to '&amp#27;[38;5;188mTRACE&amp#27;[39m' to avoid this warning&amp#27;[39m&amp#27;[38;5;203m&amp#27;[39m&amp#27;[38;5;227m
&amp#27;[39m&amp#27;[38;5;145m2025-06-30 15:23:32,568&amp#27;[39m&amp#27;[38;5;188m &amp#27;[39m&amp#27;[38;5;137mWARN &amp#27;[39m&amp#27;[38;5;188m [&amp#27;[39m&amp#27;[38;5;69mio.qua.run.log.LoggingSetupRecorder&amp#27;[39m&amp#27;[38;5;188m] (&amp#27;[39m&amp#27;[38;5;71mmain&amp#27;[39m&amp#27;[38;5;188m) &amp#27;[39m&amp#27;[38;5;151m&amp#27;[39mLog level &amp#27;[38;5;188mTRACE&amp#27;[39m for category '&amp#27;[38;5;188mio.quarkus.flyway&amp#27;[39m' set below minimum logging level &amp#27;[38;5;188mDEBUG&amp#27;[39m, promoting it to &amp#27;[38;5;188mDEBUG&amp#27;[39m. Set the build time configuration property 'quarkus.log.category."&amp#27;[38;5;188mio.quarkus.flyway&amp#27;[39m".min-level' to '&amp#27;[38;5;188mTRACE&amp#27;[39m' to avoid this warning&amp#27;[39m&amp#27;[38;5;203m&amp#27;[39m&amp#27;[38;5;227m
&amp#27;[39m&amp#27;[38;5;145m2025-06-30 15:23:32,922&amp#27;[39m&amp#27;[38;5;188m &amp#27;[39m&amp#27;[38;5;66mDEBUG&amp#27;[39m&amp#27;[38;5;188m [&amp#27;[39m&amp#27;[38;5;69mio.qua.fly.run.FlywayRecorder&amp#27;[39m&amp#27;[38;5;188m] (&amp#27;[39m&amp#27;[38;5;71mmain&amp#27;[39m&amp#27;[38;5;188m) &amp#27;[39m&amp#27;[38;5;151mSetting the following application migration files: [db/migration/V02__alter_table.sql, db/migration/V01__create_tables.sql]&amp#27;[39m&amp#27;[38;5;203m&amp#27;[39m&amp#27;[38;5;227m
&amp#27;[39m&amp#27;[38;5;145m2025-06-30 15:23:32,924&amp#27;[39m&amp#27;[38;5;188m &amp#27;[39m&amp#27;[38;5;66mDEBUG&amp#27;[39m&amp#27;[38;5;188m [&amp#27;[39m&amp#27;[38;5;69mio.qua.fly.run.FlywayRecorder&amp#27;[39m&amp#27;[38;5;188m] (&amp#27;[39m&amp#27;[38;5;71mmain&amp#27;[39m&amp#27;[38;5;188m) &amp#27;[39m&amp#27;[38;5;151mSetting the following application migration classes: []&amp#27;[39m&amp#27;[38;5;203m&amp#27;[39m&amp#27;[38;5;227m
&amp#27;[39m&amp#27;[38;5;145m2025-06-30 15:23:32,924&amp#27;[39m&amp#27;[38;5;188m &amp#27;[39m&amp#27;[38;5;66mDEBUG&amp#27;[39m&amp#27;[38;5;188m [&amp#27;[39m&amp#27;[38;5;69mio.qua.fly.run.FlywayRecorder&amp#27;[39m&amp#27;[38;5;188m] (&amp#27;[39m&amp#27;[38;5;71mmain&amp#27;[39m&amp#27;[38;5;188m) &amp#27;[39m&amp#27;[38;5;151mSetting application callbacks: 1 total&amp#27;[39m&amp#27;[38;5;203m&amp#27;[39m&amp#27;[38;5;227m
&amp#27;[39m&amp#27;[38;5;145m2025-06-30 15:23:33,191&amp#27;[39m&amp#27;[38;5;188m &amp#27;[39m&amp#27;[38;5;107mINFO &amp#27;[39m&amp#27;[38;5;188m [&amp#27;[39m&amp#27;[38;5;69morg.hib.jpa.int.uti.LogHelper&amp#27;[39m&amp#27;[38;5;188m] (&amp#27;[39m&amp#27;[38;5;71mmain&amp#27;[39m&amp#27;[38;5;188m) &amp#27;[39m&amp#27;[38;5;151m&amp#27;[39mHHH000204: Processing PersistenceUnitInfo [name: &amp#27;[38;5;188m<default>&amp#27;[39m]&amp#27;[39m&amp#27;[38;5;203m&amp#27;[39m&amp#27;[38;5;227m
&amp#27;[39m&amp#27;[38;5;145m2025-06-30 15:23:33,443&amp#27;[39m&amp#27;[38;5;188m &amp#27;[39m&amp#27;[38;5;107mINFO &amp#27;[39m&amp#27;[38;5;188m [&amp#27;[39m&amp#27;[38;5;69morg.hib.Version&amp#27;[39m&amp#27;[38;5;188m] (&amp#27;[39m&amp#27;[38;5;71mmain&amp#27;[39m&amp#27;[38;5;188m) &amp#27;[39m&amp#27;[38;5;151m&amp#27;[39mHHH000412: Hibernate ORM core version &amp#27;[38;5;188m6.6.14.Final&amp#27;[39m&amp#27;[39m&amp#27;[38;5;203m&amp#27;[39m&amp#27;[38;5;227m
&amp#27;[39m&amp#27;[38;5;145m2025-06-30 15:23:33,689&amp#27;[39m&amp#27;[38;5;188m &amp#27;[39m&amp#27;[38;5;137mWARN &amp#27;[39m&amp#27;[38;5;188m [&amp#27;[39m&amp#27;[38;5;69morg.hib.orm.deprecation&amp#27;[39m&amp#27;[38;5;188m] (&amp#27;[39m&amp#27;[38;5;71mmain&amp#27;[39m&amp#27;[38;5;188m) &amp#27;[39m&amp#27;[38;5;151m&amp#27;[39mHHH90000025: &amp#27;[38;5;188mPostgreSQLDialect&amp#27;[39m does not need to be specified explicitly using 'hibernate.dialect' (remove the property setting and it will be selected by default)&amp#27;[39m&amp#27;[38;5;203m&amp#27;[39m&amp#27;[38;5;227m
&amp#27;[39m&amp#27;[38;5;145m2025-06-30 15:23:33,718&amp#27;[39m&amp#27;[38;5;188m &amp#27;[39m&amp#27;[38;5;107mINFO &amp#27;[39m&amp#27;[38;5;188m [&amp#27;[39m&amp#27;[38;5;69morg.hib.orm.con.pooling&amp#27;[39m&amp#27;[38;5;188m] (&amp#27;[39m&amp#27;[38;5;71mmain&amp#27;[39m&amp#27;[38;5;188m) &amp#27;[39m&amp#27;[38;5;151m&amp#27;[39mHHH10001005: Database info:
&amp#27;[38;5;188m	Database JDBC URL [undefined/unknown]
	Database driver: undefined/unknown
	Database version: 12.0
	Autocommit mode: undefined/unknown
	Isolation level: <unknown>
	Minimum pool size: undefined/unknown
	Maximum pool size: undefined/unknown&amp#27;[39m&amp#27;[39m&amp#27;[38;5;203m&amp#27;[39m&amp#27;[38;5;227m
&amp#27;[39m&amp#27;[38;5;145m2025-06-30 15:23:34,600&amp#27;[39m&amp#27;[38;5;188m &amp#27;[39m&amp#27;[38;5;137mWARN &amp#27;[39m&amp#27;[38;5;188m [&amp#27;[39m&amp#27;[38;5;69mio.qua.run.log.LoggingSetupRecorder&amp#27;[39m&amp#27;[38;5;188m] (&amp#27;[39m&amp#27;[38;5;71mmain&amp#27;[39m&amp#27;[38;5;188m) &amp#27;[39m&amp#27;[38;5;151m&amp#27;[39mLog level &amp#27;[38;5;188mTRACE&amp#27;[39m for category '&amp#27;[38;5;188morg.flywaydb&amp#27;[39m' set below minimum logging level &amp#27;[38;5;188mDEBUG&amp#27;[39m, promoting it to &amp#27;[38;5;188mDEBUG&amp#27;[39m. Set the build time configuration property 'quarkus.log.category."&amp#27;[38;5;188morg.flywaydb&amp#27;[39m".min-level' to '&amp#27;[38;5;188mTRACE&amp#27;[39m' to avoid this warning&amp#27;[39m&amp#27;[38;5;203m&amp#27;[39m&amp#27;[38;5;227m
&amp#27;[39m&amp#27;[38;5;145m2025-06-30 15:23:34,601&amp#27;[39m&amp#27;[38;5;188m &amp#27;[39m&amp#27;[38;5;137mWARN &amp#27;[39m&amp#27;[38;5;188m [&amp#27;[39m&amp#27;[38;5;69mio.qua.run.log.LoggingSetupRecorder&amp#27;[39m&amp#27;[38;5;188m] (&amp#27;[39m&amp#27;[38;5;71mmain&amp#27;[39m&amp#27;[38;5;188m) &amp#27;[39m&amp#27;[38;5;151m&amp#27;[39mLog level &amp#27;[38;5;188mTRACE&amp#27;[39m for category '&amp#27;[38;5;188mio.quarkus.flyway&amp#27;[39m' set below minimum logging level &amp#27;[38;5;188mDEBUG&amp#27;[39m, promoting it to &amp#27;[38;5;188mDEBUG&amp#27;[39m. Set the build time configuration property 'quarkus.log.category."&amp#27;[38;5;188mio.quarkus.flyway&amp#27;[39m".min-level' to '&amp#27;[38;5;188mTRACE&amp#27;[39m' to avoid this warning&amp#27;[39m&amp#27;[38;5;203m&amp#27;[39m&amp#27;[38;5;227m
&amp#27;[39m&amp#27;[38;5;145m2025-06-30 15:23:34,632&amp#27;[39m&amp#27;[38;5;188m &amp#27;[39m&amp#27;[38;5;66mDEBUG&amp#27;[39m&amp#27;[38;5;188m [&amp#27;[39m&amp#27;[38;5;69mio.qua.fly.run.QuarkusPathLocationScanner&amp#27;[39m&amp#27;[38;5;188m] (&amp#27;[39m&amp#27;[38;5;71mmain&amp#27;[39m&amp#27;[38;5;188m) &amp#27;[39m&amp#27;[38;5;151mLocations: [classpath:db/migration]&amp#27;[39m&amp#27;[38;5;203m&amp#27;[39m&amp#27;[38;5;227m
&amp#27;[39m&amp#27;[38;5;145m2025-06-30 15:23:34,633&amp#27;[39m&amp#27;[38;5;188m &amp#27;[39m&amp#27;[38;5;66mDEBUG&amp#27;[39m&amp#27;[38;5;188m [&amp#27;[39m&amp#27;[38;5;69mio.qua.fly.run.QuarkusPathLocationScanner&amp#27;[39m&amp#27;[38;5;188m] (&amp#27;[39m&amp#27;[38;5;71mmain&amp#27;[39m&amp#27;[38;5;188m) &amp#27;[39m&amp#27;[38;5;151m&amp#27;[39mLoading &amp#27;[38;5;188mdb/migration/V02__alter_table.sql&amp#27;[39m&amp#27;[39m&amp#27;[38;5;203m&amp#27;[39m&amp#27;[38;5;227m
&amp#27;[39m&amp#27;[38;5;145m2025-06-30 15:23:34,634&amp#27;[39m&amp#27;[38;5;188m &amp#27;[39m&amp#27;[38;5;66mDEBUG&amp#27;[39m&amp#27;[38;5;188m [&amp#27;[39m&amp#27;[38;5;69mio.qua.fly.run.QuarkusPathLocationScanner&amp#27;[39m&amp#27;[38;5;188m] (&amp#27;[39m&amp#27;[38;5;71mmain&amp#27;[39m&amp#27;[38;5;188m) &amp#27;[39m&amp#27;[38;5;151m&amp#27;[39mLoading &amp#27;[38;5;188mdb/migration/V01__create_tables.sql&amp#27;[39m&amp#27;[39m&amp#27;[38;5;203m&amp#27;[39m&amp#27;[38;5;227m
&amp#27;[39m&amp#27;[38;5;145m2025-06-30 15:23:35,238&amp#27;[39m&amp#27;[38;5;188m &amp#27;[39m&amp#27;[38;5;66mDEBUG&amp#27;[39m&amp#27;[38;5;188m [&amp#27;[39m&amp#27;[38;5;69morg.fly.cor.int.res.ResourceNameValidator&amp#27;[39m&amp#27;[38;5;188m] (&amp#27;[39m&amp#27;[38;5;71mmain&amp#27;[39m&amp#27;[38;5;188m) &amp#27;[39m&amp#27;[38;5;151mScanning for classpath resources at 'classpath:db/callback' ...&amp#27;[39m&amp#27;[38;5;203m&amp#27;[39m&amp#27;[38;5;227m
&amp#27;[39m&amp#27;[38;5;145m2025-06-30 15:23:35,239&amp#27;[39m&amp#27;[38;5;188m &amp#27;[39m&amp#27;[38;5;66mDEBUG&amp#27;[39m&amp#27;[38;5;188m [&amp#27;[39m&amp#27;[38;5;69morg.fly.cor.int.res.ResourceNameValidator&amp#27;[39m&amp#27;[38;5;188m] (&amp#27;[39m&amp#27;[38;5;71mmain&amp#27;[39m&amp#27;[38;5;188m) &amp#27;[39m&amp#27;[38;5;151mDetermining location urls for classpath:db/callback using ClassLoader QuarkusClassLoader:Quarkus Runtime ClassLoader: TEST for JUnitQuarkusTest-no-profile (QuarkusTest) restart no:0@6169be09 ...&amp#27;[39m&amp#27;[38;5;203m&amp#27;[39m&amp#27;[38;5;227m
&amp#27;[39m&amp#27;[38;5;145m2025-06-30 15:23:35,239&amp#27;[39m&amp#27;[38;5;188m &amp#27;[39m&amp#27;[38;5;66mDEBUG&amp#27;[39m&amp#27;[38;5;188m [&amp#27;[39m&amp#27;[38;5;69morg.fly.cor.int.res.ResourceNameValidator&amp#27;[39m&amp#27;[38;5;188m] (&amp#27;[39m&amp#27;[38;5;71mmain&amp#27;[39m&amp#27;[38;5;188m) &amp#27;[39m&amp#27;[38;5;151mUnable to resolve location classpath:db/callback.&amp#27;[39m&amp#27;[38;5;203m&amp#27;[39m&amp#27;[38;5;227m
&amp#27;[39m&amp#27;[38;5;145m2025-06-30 15:23:35,239&amp#27;[39m&amp#27;[38;5;188m &amp#27;[39m&amp#27;[38;5;66mDEBUG&amp#27;[39m&amp#27;[38;5;188m [&amp#27;[39m&amp#27;[38;5;69morg.fly.cor.int.res.ResourceNameValidator&amp#27;[39m&amp#27;[38;5;188m] (&amp#27;[39m&amp#27;[38;5;71mmain&amp#27;[39m&amp#27;[38;5;188m) &amp#27;[39m&amp#27;[38;5;151mValidating V02__alter_table.sql&amp#27;[39m&amp#27;[38;5;203m&amp#27;[39m&amp#27;[38;5;227m
&amp#27;[39m&amp#27;[38;5;145m2025-06-30 15:23:35,240&amp#27;[39m&amp#27;[38;5;188m &amp#27;[39m&amp#27;[38;5;66mDEBUG&amp#27;[39m&amp#27;[38;5;188m [&amp#27;[39m&amp#27;[38;5;69morg.fly.cor.int.res.ResourceNameValidator&amp#27;[39m&amp#27;[38;5;188m] (&amp#27;[39m&amp#27;[38;5;71mmain&amp#27;[39m&amp#27;[38;5;188m) &amp#27;[39m&amp#27;[38;5;151mValidating V01__create_tables.sql&amp#27;[39m&amp#27;[38;5;203m&amp#27;[39m&amp#27;[38;5;227m
&amp#27;[39m&amp#27;[38;5;145m2025-06-30 15:23:35,251&amp#27;[39m&amp#27;[38;5;188m &amp#27;[39m&amp#27;[38;5;66mDEBUG&amp#27;[39m&amp#27;[38;5;188m [&amp#27;[39m&amp#27;[38;5;69morg.fly.cor.int.dat.DatabaseTypeRegister&amp#27;[39m&amp#27;[38;5;188m] (&amp#27;[39m&amp#27;[38;5;71mmain&amp#27;[39m&amp#27;[38;5;188m) &amp#27;[39m&amp#27;[38;5;151mMultiple databases found that handle url 'jdbc:postgresql://localhost:5437/bancaDB': CockroachDB,PostgreSQL&amp#27;[39m&amp#27;[38;5;203m&amp#27;[39m&amp#27;[38;5;227m
&amp#27;[39m&amp#27;[38;5;145m2025-06-30 15:23:35,251&amp#27;[39m&amp#27;[38;5;188m &amp#27;[39m&amp#27;[38;5;107mINFO &amp#27;[39m&amp#27;[38;5;188m [&amp#27;[39m&amp#27;[38;5;69morg.fly.cor.FlywayExecutor&amp#27;[39m&amp#27;[38;5;188m] (&amp#27;[39m&amp#27;[38;5;71mmain&amp#27;[39m&amp#27;[38;5;188m) &amp#27;[39m&amp#27;[38;5;151mDatabase: jdbc:postgresql://localhost:5437/bancaDB (PostgreSQL 17.5)&amp#27;[39m&amp#27;[38;5;203m&amp#27;[39m&amp#27;[38;5;227m
&amp#27;[39m&amp#27;[38;5;145m2025-06-30 15:23:35,252&amp#27;[39m&amp#27;[38;5;188m &amp#27;[39m&amp#27;[38;5;66mDEBUG&amp#27;[39m&amp#27;[38;5;188m [&amp#27;[39m&amp#27;[38;5;69morg.fly.cor.FlywayExecutor&amp#27;[39m&amp#27;[38;5;188m] (&amp#27;[39m&amp#27;[38;5;71mmain&amp#27;[39m&amp#27;[38;5;188m) &amp#27;[39m&amp#27;[38;5;151mDatabase Type: PostgreSQL&amp#27;[39m&amp#27;[38;5;203m&amp#27;[39m&amp#27;[38;5;227m
&amp#27;[39m&amp#27;[38;5;145m2025-06-30 15:23:35,252&amp#27;[39m&amp#27;[38;5;188m &amp#27;[39m&amp#27;[38;5;66mDEBUG&amp#27;[39m&amp#27;[38;5;188m [&amp#27;[39m&amp#27;[38;5;69morg.fly.cor.FlywayExecutor&amp#27;[39m&amp#27;[38;5;188m] (&amp#27;[39m&amp#27;[38;5;71mmain&amp#27;[39m&amp#27;[38;5;188m) &amp#27;[39m&amp#27;[38;5;151mDriver: PostgreSQL JDBC Driver 42.7.5&amp#27;[39m&amp#27;[38;5;203m&amp#27;[39m&amp#27;[38;5;227m
&amp#27;[39m&amp#27;[38;5;145m2025-06-30 15:23:35,253&amp#27;[39m&amp#27;[38;5;188m &amp#27;[39m&amp#27;[38;5;66mDEBUG&amp#27;[39m&amp#27;[38;5;188m [&amp#27;[39m&amp#27;[38;5;69morg.fly.cor.FlywayExecutor&amp#27;[39m&amp#27;[38;5;188m] (&amp#27;[39m&amp#27;[38;5;71mmain&amp#27;[39m&amp#27;[38;5;188m) &amp#27;[39m&amp#27;[38;5;151mDDL Transactions Supported: true&amp#27;[39m&amp#27;[38;5;203m&amp#27;[39m&amp#27;[38;5;227m
&amp#27;[39m&amp#27;[38;5;145m2025-06-30 15:23:35,254&amp#27;[39m&amp#27;[38;5;188m &amp#27;[39m&amp#27;[38;5;66mDEBUG&amp#27;[39m&amp#27;[38;5;188m [&amp#27;[39m&amp#27;[38;5;69morg.fly.cor.int.sch.SchemaHistoryFactory&amp#27;[39m&amp#27;[38;5;188m] (&amp#27;[39m&amp#27;[38;5;71mmain&amp#27;[39m&amp#27;[38;5;188m) &amp#27;[39m&amp#27;[38;5;151mSchemas: &amp#27;[39m&amp#27;[38;5;203m&amp#27;[39m&amp#27;[38;5;227m
&amp#27;[39m&amp#27;[38;5;145m2025-06-30 15:23:35,255&amp#27;[39m&amp#27;[38;5;188m &amp#27;[39m&amp#27;[38;5;66mDEBUG&amp#27;[39m&amp#27;[38;5;188m [&amp#27;[39m&amp#27;[38;5;69morg.fly.cor.int.sch.SchemaHistoryFactory&amp#27;[39m&amp#27;[38;5;188m] (&amp#27;[39m&amp#27;[38;5;71mmain&amp#27;[39m&amp#27;[38;5;188m) &amp#27;[39m&amp#27;[38;5;151mDefault schema: null&amp#27;[39m&amp#27;[38;5;203m&amp#27;[39m&amp#27;[38;5;227m
&amp#27;[39m&amp#27;[38;5;145m2025-06-30 15:23:35,303&amp#27;[39m&amp#27;[38;5;188m &amp#27;[39m&amp#27;[38;5;66mDEBUG&amp#27;[39m&amp#27;[38;5;188m [&amp#27;[39m&amp#27;[38;5;69morg.fly.cor.FlywayExecutor&amp#27;[39m&amp#27;[38;5;188m] (&amp#27;[39m&amp#27;[38;5;71mmain&amp#27;[39m&amp#27;[38;5;188m) &amp#27;[39m&amp#27;[38;5;151mScanning for script callbacks ...&amp#27;[39m&amp#27;[38;5;203m&amp#27;[39m&amp#27;[38;5;227m
&amp#27;[39m&amp#27;[38;5;145m2025-06-30 15:23:35,306&amp#27;[39m&amp#27;[38;5;188m &amp#27;[39m&amp#27;[38;5;66mDEBUG&amp#27;[39m&amp#27;[38;5;188m [&amp#27;[39m&amp#27;[38;5;69morg.fly.cor.int.cal.SqlScriptCallbackFactory&amp#27;[39m&amp#27;[38;5;188m] (&amp#27;[39m&amp#27;[38;5;71mmain&amp#27;[39m&amp#27;[38;5;188m) &amp#27;[39m&amp#27;[38;5;151mScanning for SQL callbacks ...&amp#27;[39m&amp#27;[38;5;203m&amp#27;[39m&amp#27;[38;5;227m
&amp#27;[39m&amp#27;[38;5;145m2025-06-30 15:23:35,347&amp#27;[39m&amp#27;[38;5;188m &amp#27;[39m&amp#27;[38;5;107mINFO &amp#27;[39m&amp#27;[38;5;188m [&amp#27;[39m&amp#27;[38;5;69morg.fly.cor.int.sch.JdbcTableSchemaHistory&amp#27;[39m&amp#27;[38;5;188m] (&amp#27;[39m&amp#27;[38;5;71mmain&amp#27;[39m&amp#27;[38;5;188m) &amp#27;[39m&amp#27;[38;5;151mSchema history table "public"."flyway_schema_history" does not exist yet&amp#27;[39m&amp#27;[38;5;203m&amp#27;[39m&amp#27;[38;5;227m
&amp#27;[39m&amp#27;[38;5;145m2025-06-30 15:23:35,348&amp#27;[39m&amp#27;[38;5;188m &amp#27;[39m&amp#27;[38;5;66mDEBUG&amp#27;[39m&amp#27;[38;5;188m [&amp#27;[39m&amp#27;[38;5;69morg.fly.cor.int.com.cle.CleanExecutor&amp#27;[39m&amp#27;[38;5;188m] (&amp#27;[39m&amp#27;[38;5;71mmain&amp#27;[39m&amp#27;[38;5;188m) &amp#27;[39m&amp#27;[38;5;151mDropping pre-schema database level objects...&amp#27;[39m&amp#27;[38;5;203m&amp#27;[39m&amp#27;[38;5;227m
&amp#27;[39m&amp#27;[38;5;145m2025-06-30 15:23:35,350&amp#27;[39m&amp#27;[38;5;188m &amp#27;[39m&amp#27;[38;5;107mINFO &amp#27;[39m&amp#27;[38;5;188m [&amp#27;[39m&amp#27;[38;5;69morg.fly.cor.int.com.cle.CleanExecutor&amp#27;[39m&amp#27;[38;5;188m] (&amp#27;[39m&amp#27;[38;5;71mmain&amp#27;[39m&amp#27;[38;5;188m) &amp#27;[39m&amp#27;[38;5;151mSuccessfully dropped pre-schema database level objects (execution time 00:00.001s)&amp#27;[39m&amp#27;[38;5;203m&amp#27;[39m&amp#27;[38;5;227m
&amp#27;[39m&amp#27;[38;5;145m2025-06-30 15:23:35,353&amp#27;[39m&amp#27;[38;5;188m &amp#27;[39m&amp#27;[38;5;66mDEBUG&amp#27;[39m&amp#27;[38;5;188m [&amp#27;[39m&amp#27;[38;5;69morg.fly.cor.int.com.cle.CleanExecutor&amp#27;[39m&amp#27;[38;5;188m] (&amp#27;[39m&amp#27;[38;5;71mmain&amp#27;[39m&amp#27;[38;5;188m) &amp#27;[39m&amp#27;[38;5;151mCleaning schema "public"...&amp#27;[39m&amp#27;[38;5;203m&amp#27;[39m&amp#27;[38;5;227m
&amp#27;[39m&amp#27;[38;5;145m2025-06-30 15:23:35,427&amp#27;[39m&amp#27;[38;5;188m &amp#27;[39m&amp#27;[38;5;107mINFO &amp#27;[39m&amp#27;[38;5;188m [&amp#27;[39m&amp#27;[38;5;69morg.fly.cor.int.com.cle.CleanExecutor&amp#27;[39m&amp#27;[38;5;188m] (&amp#27;[39m&amp#27;[38;5;71mmain&amp#27;[39m&amp#27;[38;5;188m) &amp#27;[39m&amp#27;[38;5;151mSuccessfully cleaned schema "public" (execution time 00:00.073s)&amp#27;[39m&amp#27;[38;5;203m&amp#27;[39m&amp#27;[38;5;227m
&amp#27;[39m&amp#27;[38;5;145m2025-06-30 15:23:35,427&amp#27;[39m&amp#27;[38;5;188m &amp#27;[39m&amp#27;[38;5;66mDEBUG&amp#27;[39m&amp#27;[38;5;188m [&amp#27;[39m&amp#27;[38;5;69morg.fly.cor.int.com.cle.CleanExecutor&amp#27;[39m&amp#27;[38;5;188m] (&amp#27;[39m&amp#27;[38;5;71mmain&amp#27;[39m&amp#27;[38;5;188m) &amp#27;[39m&amp#27;[38;5;151mCleaning schema "public"...&amp#27;[39m&amp#27;[38;5;203m&amp#27;[39m&amp#27;[38;5;227m
&amp#27;[39m&amp#27;[38;5;145m2025-06-30 15:23:35,467&amp#27;[39m&amp#27;[38;5;188m &amp#27;[39m&amp#27;[38;5;107mINFO &amp#27;[39m&amp#27;[38;5;188m [&amp#27;[39m&amp#27;[38;5;69morg.fly.cor.int.com.cle.CleanExecutor&amp#27;[39m&amp#27;[38;5;188m] (&amp#27;[39m&amp#27;[38;5;71mmain&amp#27;[39m&amp#27;[38;5;188m) &amp#27;[39m&amp#27;[38;5;151mSuccessfully cleaned schema "public" (execution time 00:00.039s)&amp#27;[39m&amp#27;[38;5;203m&amp#27;[39m&amp#27;[38;5;227m
&amp#27;[39m&amp#27;[38;5;145m2025-06-30 15:23:35,468&amp#27;[39m&amp#27;[38;5;188m &amp#27;[39m&amp#27;[38;5;66mDEBUG&amp#27;[39m&amp#27;[38;5;188m [&amp#27;[39m&amp#27;[38;5;69morg.fly.cor.int.com.cle.CleanExecutor&amp#27;[39m&amp#27;[38;5;188m] (&amp#27;[39m&amp#27;[38;5;71mmain&amp#27;[39m&amp#27;[38;5;188m) &amp#27;[39m&amp#27;[38;5;151mDropping post-schema database level objects...&amp#27;[39m&amp#27;[38;5;203m&amp#27;[39m&amp#27;[38;5;227m
&amp#27;[39m&amp#27;[38;5;145m2025-06-30 15:23:35,469&amp#27;[39m&amp#27;[38;5;188m &amp#27;[39m&amp#27;[38;5;107mINFO &amp#27;[39m&amp#27;[38;5;188m [&amp#27;[39m&amp#27;[38;5;69morg.fly.cor.int.com.cle.CleanExecutor&amp#27;[39m&amp#27;[38;5;188m] (&amp#27;[39m&amp#27;[38;5;71mmain&amp#27;[39m&amp#27;[38;5;188m) &amp#27;[39m&amp#27;[38;5;151mSuccessfully dropped post-schema database level objects (execution time 00:00.000s)&amp#27;[39m&amp#27;[38;5;203m&amp#27;[39m&amp#27;[38;5;227m
&amp#27;[39m&amp#27;[38;5;145m2025-06-30 15:23:35,524&amp#27;[39m&amp#27;[38;5;188m &amp#27;[39m&amp#27;[38;5;66mDEBUG&amp#27;[39m&amp#27;[38;5;188m [&amp#27;[39m&amp#27;[38;5;69morg.fly.cor.FlywayExecutor&amp#27;[39m&amp#27;[38;5;188m] (&amp#27;[39m&amp#27;[38;5;71mmain&amp#27;[39m&amp#27;[38;5;188m) &amp#27;[39m&amp#27;[38;5;151mMemory usage: 222 of 270M&amp#27;[39m&amp#27;[38;5;203m&amp#27;[39m&amp#27;[38;5;227m
&amp#27;[39m&amp#27;[38;5;145m2025-06-30 15:23:35,530&amp#27;[39m&amp#27;[38;5;188m &amp#27;[39m&amp#27;[38;5;66mDEBUG&amp#27;[39m&amp#27;[38;5;188m [&amp#27;[39m&amp#27;[38;5;69morg.fly.cor.int.res.ResourceNameValidator&amp#27;[39m&amp#27;[38;5;188m] (&amp#27;[39m&amp#27;[38;5;71mmain&amp#27;[39m&amp#27;[38;5;188m) &amp#27;[39m&amp#27;[38;5;151mValidating V02__alter_table.sql&amp#27;[39m&amp#27;[38;5;203m&amp#27;[39m&amp#27;[38;5;227m
&amp#27;[39m&amp#27;[38;5;145m2025-06-30 15:23:35,530&amp#27;[39m&amp#27;[38;5;188m &amp#27;[39m&amp#27;[38;5;66mDEBUG&amp#27;[39m&amp#27;[38;5;188m [&amp#27;[39m&amp#27;[38;5;69morg.fly.cor.int.res.ResourceNameValidator&amp#27;[39m&amp#27;[38;5;188m] (&amp#27;[39m&amp#27;[38;5;71mmain&amp#27;[39m&amp#27;[38;5;188m) &amp#27;[39m&amp#27;[38;5;151mValidating V01__create_tables.sql&amp#27;[39m&amp#27;[38;5;203m&amp#27;[39m&amp#27;[38;5;227m
&amp#27;[39m&amp#27;[38;5;145m2025-06-30 15:23:35,530&amp#27;[39m&amp#27;[38;5;188m &amp#27;[39m&amp#27;[38;5;66mDEBUG&amp#27;[39m&amp#27;[38;5;188m [&amp#27;[39m&amp#27;[38;5;69morg.fly.cor.FlywayExecutor&amp#27;[39m&amp#27;[38;5;188m] (&amp#27;[39m&amp#27;[38;5;71mmain&amp#27;[39m&amp#27;[38;5;188m) &amp#27;[39m&amp#27;[38;5;151mDDL Transactions Supported: true&amp#27;[39m&amp#27;[38;5;203m&amp#27;[39m&amp#27;[38;5;227m
&amp#27;[39m&amp#27;[38;5;145m2025-06-30 15:23:35,531&amp#27;[39m&amp#27;[38;5;188m &amp#27;[39m&amp#27;[38;5;66mDEBUG&amp#27;[39m&amp#27;[38;5;188m [&amp#27;[39m&amp#27;[38;5;69morg.fly.cor.int.sch.SchemaHistoryFactory&amp#27;[39m&amp#27;[38;5;188m] (&amp#27;[39m&amp#27;[38;5;71mmain&amp#27;[39m&amp#27;[38;5;188m) &amp#27;[39m&amp#27;[38;5;151mSchemas: &amp#27;[39m&amp#27;[38;5;203m&amp#27;[39m&amp#27;[38;5;227m
&amp#27;[39m&amp#27;[38;5;145m2025-06-30 15:23:35,531&amp#27;[39m&amp#27;[38;5;188m &amp#27;[39m&amp#27;[38;5;66mDEBUG&amp#27;[39m&amp#27;[38;5;188m [&amp#27;[39m&amp#27;[38;5;69morg.fly.cor.int.sch.SchemaHistoryFactory&amp#27;[39m&amp#27;[38;5;188m] (&amp#27;[39m&amp#27;[38;5;71mmain&amp#27;[39m&amp#27;[38;5;188m) &amp#27;[39m&amp#27;[38;5;151mDefault schema: null&amp#27;[39m&amp#27;[38;5;203m&amp#27;[39m&amp#27;[38;5;227m
&amp#27;[39m&amp#27;[38;5;145m2025-06-30 15:23:35,550&amp#27;[39m&amp#27;[38;5;188m &amp#27;[39m&amp#27;[38;5;66mDEBUG&amp#27;[39m&amp#27;[38;5;188m [&amp#27;[39m&amp#27;[38;5;69morg.fly.cor.FlywayExecutor&amp#27;[39m&amp#27;[38;5;188m] (&amp#27;[39m&amp#27;[38;5;71mmain&amp#27;[39m&amp#27;[38;5;188m) &amp#27;[39m&amp#27;[38;5;151mScanning for script callbacks ...&amp#27;[39m&amp#27;[38;5;203m&amp#27;[39m&amp#27;[38;5;227m
&amp#27;[39m&amp#27;[38;5;145m2025-06-30 15:23:35,551&amp#27;[39m&amp#27;[38;5;188m &amp#27;[39m&amp#27;[38;5;66mDEBUG&amp#27;[39m&amp#27;[38;5;188m [&amp#27;[39m&amp#27;[38;5;69morg.fly.cor.int.cal.SqlScriptCallbackFactory&amp#27;[39m&amp#27;[38;5;188m] (&amp#27;[39m&amp#27;[38;5;71mmain&amp#27;[39m&amp#27;[38;5;188m) &amp#27;[39m&amp#27;[38;5;151mScanning for SQL callbacks ...&amp#27;[39m&amp#27;[38;5;203m&amp#27;[39m&amp#27;[38;5;227m
&amp#27;[39m&amp#27;[38;5;145m2025-06-30 15:23:35,555&amp#27;[39m&amp#27;[38;5;188m &amp#27;[39m&amp#27;[38;5;66mDEBUG&amp#27;[39m&amp#27;[38;5;188m [&amp#27;[39m&amp#27;[38;5;69morg.fly.cor.int.com.DbSchemas&amp#27;[39m&amp#27;[38;5;188m] (&amp#27;[39m&amp#27;[38;5;71mmain&amp#27;[39m&amp#27;[38;5;188m) &amp#27;[39m&amp#27;[38;5;151mSkipping creation of existing schema: "public"&amp#27;[39m&amp#27;[38;5;203m&amp#27;[39m&amp#27;[38;5;227m
&amp#27;[39m&amp#27;[38;5;145m2025-06-30 15:23:35,571&amp#27;[39m&amp#27;[38;5;188m &amp#27;[39m&amp#27;[38;5;107mINFO &amp#27;[39m&amp#27;[38;5;188m [&amp#27;[39m&amp#27;[38;5;69morg.fly.cor.Flyway&amp#27;[39m&amp#27;[38;5;188m] (&amp#27;[39m&amp#27;[38;5;71mmain&amp#27;[39m&amp#27;[38;5;188m) &amp#27;[39m&amp#27;[38;5;151mAll configured schemas are empty; baseline operation skipped. A baseline or migration script with a lower version than the baseline version may execute if available. Check the Schemas parameter if this is not intended.&amp#27;[39m&amp#27;[38;5;203m&amp#27;[39m&amp#27;[38;5;227m
&amp#27;[39m&amp#27;[38;5;145m2025-06-30 15:23:35,584&amp#27;[39m&amp#27;[38;5;188m &amp#27;[39m&amp#27;[38;5;107mINFO &amp#27;[39m&amp#27;[38;5;188m [&amp#27;[39m&amp#27;[38;5;69morg.fly.cor.int.sch.JdbcTableSchemaHistory&amp#27;[39m&amp#27;[38;5;188m] (&amp#27;[39m&amp#27;[38;5;71mmain&amp#27;[39m&amp#27;[38;5;188m) &amp#27;[39m&amp#27;[38;5;151mCreating Schema History table "public"."flyway_schema_history" ...&amp#27;[39m&amp#27;[38;5;203m&amp#27;[39m&amp#27;[38;5;227m
&amp#27;[39m&amp#27;[38;5;145m2025-06-30 15:23:35,595&amp#27;[39m&amp#27;[38;5;188m &amp#27;[39m&amp#27;[38;5;66mDEBUG&amp#27;[39m&amp#27;[38;5;188m [&amp#27;[39m&amp#27;[38;5;69morg.fly.cor.int.par.Parser&amp#27;[39m&amp#27;[38;5;188m] (&amp#27;[39m&amp#27;[38;5;71mmain&amp#27;[39m&amp#27;[38;5;188m) &amp#27;[39m&amp#27;[38;5;151mParsing  ...&amp#27;[39m&amp#27;[38;5;203m&amp#27;[39m&amp#27;[38;5;227m
&amp#27;[39m&amp#27;[38;5;145m2025-06-30 15:23:35,608&amp#27;[39m&amp#27;[38;5;188m &amp#27;[39m&amp#27;[38;5;66mDEBUG&amp#27;[39m&amp#27;[38;5;188m [&amp#27;[39m&amp#27;[38;5;69morg.fly.cor.int.sql.ParserSqlScript&amp#27;[39m&amp#27;[38;5;188m] (&amp#27;[39m&amp#27;[38;5;71mmain&amp#27;[39m&amp#27;[38;5;188m) &amp#27;[39m&amp#27;[38;5;151mFound statement at line 1: CREATE TABLE "public"."flyway_schema_history" (
    "installed_rank" INT NOT NULL,
    "version" VARCHAR(50),
    "description" VARCHAR(200) NOT NULL,
    "type" VARCHAR(20) NOT NULL,
    "script" VARCHAR(1000) NOT NULL,
    "checksum" INTEGER,
    "installed_by" VARCHAR(100) NOT NULL,
    "installed_on" TIMESTAMP NOT NULL DEFAULT now(),
    "execution_time" INTEGER NOT NULL,
    "success" BOOLEAN NOT NULL
)&amp#27;[39m&amp#27;[38;5;203m&amp#27;[39m&amp#27;[38;5;227m
&amp#27;[39m&amp#27;[38;5;145m2025-06-30 15:23:35,609&amp#27;[39m&amp#27;[38;5;188m &amp#27;[39m&amp#27;[38;5;66mDEBUG&amp#27;[39m&amp#27;[38;5;188m [&amp#27;[39m&amp#27;[38;5;69morg.fly.cor.int.sql.ParserSqlScript&amp#27;[39m&amp#27;[38;5;188m] (&amp#27;[39m&amp#27;[38;5;71mmain&amp#27;[39m&amp#27;[38;5;188m) &amp#27;[39m&amp#27;[38;5;151mFound statement at line 13: ALTER TABLE "public"."flyway_schema_history" ADD CONSTRAINT "flyway_schema_history_pk" PRIMARY KEY ("installed_rank")&amp#27;[39m&amp#27;[38;5;203m&amp#27;[39m&amp#27;[38;5;227m
&amp#27;[39m&amp#27;[38;5;145m2025-06-30 15:23:35,610&amp#27;[39m&amp#27;[38;5;188m &amp#27;[39m&amp#27;[38;5;66mDEBUG&amp#27;[39m&amp#27;[38;5;188m [&amp#27;[39m&amp#27;[38;5;69morg.fly.cor.int.sql.ParserSqlScript&amp#27;[39m&amp#27;[38;5;188m] (&amp#27;[39m&amp#27;[38;5;71mmain&amp#27;[39m&amp#27;[38;5;188m) &amp#27;[39m&amp#27;[38;5;151mFound statement at line 14: CREATE INDEX "flyway_schema_history_s_idx" ON "public"."flyway_schema_history" ("success")&amp#27;[39m&amp#27;[38;5;203m&amp#27;[39m&amp#27;[38;5;227m
&amp#27;[39m&amp#27;[38;5;145m2025-06-30 15:23:35,611&amp#27;[39m&amp#27;[38;5;188m &amp#27;[39m&amp#27;[38;5;66mDEBUG&amp#27;[39m&amp#27;[38;5;188m [&amp#27;[39m&amp#27;[38;5;69morg.fly.cor.int.sql.DefaultSqlScriptExecutor&amp#27;[39m&amp#27;[38;5;188m] (&amp#27;[39m&amp#27;[38;5;71mmain&amp#27;[39m&amp#27;[38;5;188m) &amp#27;[39m&amp#27;[38;5;151mExecuting SQL: CREATE TABLE "public"."flyway_schema_history" (
    "installed_rank" INT NOT NULL,
    "version" VARCHAR(50),
    "description" VARCHAR(200) NOT NULL,
    "type" VARCHAR(20) NOT NULL,
    "script" VARCHAR(1000) NOT NULL,
    "checksum" INTEGER,
    "installed_by" VARCHAR(100) NOT NULL,
    "installed_on" TIMESTAMP NOT NULL DEFAULT now(),
    "execution_time" INTEGER NOT NULL,
    "success" BOOLEAN NOT NULL
)&amp#27;[39m&amp#27;[38;5;203m&amp#27;[39m&amp#27;[38;5;227m
&amp#27;[39m&amp#27;[38;5;145m2025-06-30 15:23:35,640&amp#27;[39m&amp#27;[38;5;188m &amp#27;[39m&amp#27;[38;5;66mDEBUG&amp#27;[39m&amp#27;[38;5;188m [&amp#27;[39m&amp#27;[38;5;69morg.fly.cor.int.sql.DefaultSqlScriptExecutor&amp#27;[39m&amp#27;[38;5;188m] (&amp#27;[39m&amp#27;[38;5;71mmain&amp#27;[39m&amp#27;[38;5;188m) &amp#27;[39m&amp#27;[38;5;151m0 rows affected&amp#27;[39m&amp#27;[38;5;203m&amp#27;[39m&amp#27;[38;5;227m
&amp#27;[39m&amp#27;[38;5;145m2025-06-30 15:23:35,640&amp#27;[39m&amp#27;[38;5;188m &amp#27;[39m&amp#27;[38;5;66mDEBUG&amp#27;[39m&amp#27;[38;5;188m [&amp#27;[39m&amp#27;[38;5;69morg.fly.cor.int.sql.DefaultSqlScriptExecutor&amp#27;[39m&amp#27;[38;5;188m] (&amp#27;[39m&amp#27;[38;5;71mmain&amp#27;[39m&amp#27;[38;5;188m) &amp#27;[39m&amp#27;[38;5;151mExecuting SQL: ALTER TABLE "public"."flyway_schema_history" ADD CONSTRAINT "flyway_schema_history_pk" PRIMARY KEY ("installed_rank")&amp#27;[39m&amp#27;[38;5;203m&amp#27;[39m&amp#27;[38;5;227m
&amp#27;[39m&amp#27;[38;5;145m2025-06-30 15:23:35,651&amp#27;[39m&amp#27;[38;5;188m &amp#27;[39m&amp#27;[38;5;66mDEBUG&amp#27;[39m&amp#27;[38;5;188m [&amp#27;[39m&amp#27;[38;5;69morg.fly.cor.int.sql.DefaultSqlScriptExecutor&amp#27;[39m&amp#27;[38;5;188m] (&amp#27;[39m&amp#27;[38;5;71mmain&amp#27;[39m&amp#27;[38;5;188m) &amp#27;[39m&amp#27;[38;5;151m0 rows affected&amp#27;[39m&amp#27;[38;5;203m&amp#27;[39m&amp#27;[38;5;227m
&amp#27;[39m&amp#27;[38;5;145m2025-06-30 15:23:35,651&amp#27;[39m&amp#27;[38;5;188m &amp#27;[39m&amp#27;[38;5;66mDEBUG&amp#27;[39m&amp#27;[38;5;188m [&amp#27;[39m&amp#27;[38;5;69morg.fly.cor.int.sql.DefaultSqlScriptExecutor&amp#27;[39m&amp#27;[38;5;188m] (&amp#27;[39m&amp#27;[38;5;71mmain&amp#27;[39m&amp#27;[38;5;188m) &amp#27;[39m&amp#27;[38;5;151mExecuting SQL: CREATE INDEX "flyway_schema_history_s_idx" ON "public"."flyway_schema_history" ("success")&amp#27;[39m&amp#27;[38;5;203m&amp#27;[39m&amp#27;[38;5;227m
&amp#27;[39m&amp#27;[38;5;145m2025-06-30 15:23:35,655&amp#27;[39m&amp#27;[38;5;188m &amp#27;[39m&amp#27;[38;5;66mDEBUG&amp#27;[39m&amp#27;[38;5;188m [&amp#27;[39m&amp#27;[38;5;69morg.fly.cor.int.sql.DefaultSqlScriptExecutor&amp#27;[39m&amp#27;[38;5;188m] (&amp#27;[39m&amp#27;[38;5;71mmain&amp#27;[39m&amp#27;[38;5;188m) &amp#27;[39m&amp#27;[38;5;151m0 rows affected&amp#27;[39m&amp#27;[38;5;203m&amp#27;[39m&amp#27;[38;5;227m
&amp#27;[39m&amp#27;[38;5;145m2025-06-30 15:23:35,656&amp#27;[39m&amp#27;[38;5;188m &amp#27;[39m&amp#27;[38;5;66mDEBUG&amp#27;[39m&amp#27;[38;5;188m [&amp#27;[39m&amp#27;[38;5;69morg.fly.cor.int.sch.JdbcTableSchemaHistory&amp#27;[39m&amp#27;[38;5;188m] (&amp#27;[39m&amp#27;[38;5;71mmain&amp#27;[39m&amp#27;[38;5;188m) &amp#27;[39m&amp#27;[38;5;151mCreated Schema History table "public"."flyway_schema_history"&amp#27;[39m&amp#27;[38;5;203m&amp#27;[39m&amp#27;[38;5;227m
&amp#27;[39m&amp#27;[38;5;145m2025-06-30 15:23:35,689&amp#27;[39m&amp#27;[38;5;188m &amp#27;[39m&amp#27;[38;5;66mDEBUG&amp#27;[39m&amp#27;[38;5;188m [&amp#27;[39m&amp#27;[38;5;69morg.fly.cor.api.con.ClassicConfiguration&amp#27;[39m&amp#27;[38;5;188m] (&amp#27;[39m&amp#27;[38;5;71mmain&amp#27;[39m&amp#27;[38;5;188m) &amp#27;[39m&amp#27;[38;5;151mCherryPickConfigurationExtension not found&amp#27;[39m&amp#27;[38;5;203m&amp#27;[39m&amp#27;[38;5;227m
&amp#27;[39m&amp#27;[38;5;145m2025-06-30 15:23:35,714&amp#27;[39m&amp#27;[38;5;188m &amp#27;[39m&amp#27;[38;5;66mDEBUG&amp#27;[39m&amp#27;[38;5;188m [&amp#27;[39m&amp#27;[38;5;69mio.qua.fly.run.FlywayRecorder&amp#27;[39m&amp#27;[38;5;188m] (&amp#27;[39m&amp#27;[38;5;71mmain&amp#27;[39m&amp#27;[38;5;188m) &amp#27;[39m&amp#27;[38;5;151mFiltering out resource: db/migration/V02__alter_table.sql (filename: V02__alter_table.sql)&amp#27;[39m&amp#27;[38;5;203m&amp#27;[39m&amp#27;[38;5;227m
&amp#27;[39m&amp#27;[38;5;145m2025-06-30 15:23:35,714&amp#27;[39m&amp#27;[38;5;188m &amp#27;[39m&amp#27;[38;5;66mDEBUG&amp#27;[39m&amp#27;[38;5;188m [&amp#27;[39m&amp#27;[38;5;69mio.qua.fly.run.FlywayRecorder&amp#27;[39m&amp#27;[38;5;188m] (&amp#27;[39m&amp#27;[38;5;71mmain&amp#27;[39m&amp#27;[38;5;188m) &amp#27;[39m&amp#27;[38;5;151mFiltering out resource: db/migration/V01__create_tables.sql (filename: V01__create_tables.sql)&amp#27;[39m&amp#27;[38;5;203m&amp#27;[39m&amp#27;[38;5;227m
&amp#27;[39m&amp#27;[38;5;145m2025-06-30 15:23:35,715&amp#27;[39m&amp#27;[38;5;188m &amp#27;[39m&amp#27;[38;5;66mDEBUG&amp#27;[39m&amp#27;[38;5;188m [&amp#27;[39m&amp#27;[38;5;69mio.qua.fly.run.FlywayRecorder&amp#27;[39m&amp#27;[38;5;188m] (&amp#27;[39m&amp#27;[38;5;71mmain&amp#27;[39m&amp#27;[38;5;188m) &amp#27;[39m&amp#27;[38;5;151mFiltering out resource: db/migration/V02__alter_table.sql (filename: V02__alter_table.sql)&amp#27;[39m&amp#27;[38;5;203m&amp#27;[39m&amp#27;[38;5;227m
&amp#27;[39m&amp#27;[38;5;145m2025-06-30 15:23:35,716&amp#27;[39m&amp#27;[38;5;188m &amp#27;[39m&amp#27;[38;5;66mDEBUG&amp#27;[39m&amp#27;[38;5;188m [&amp#27;[39m&amp#27;[38;5;69mio.qua.fly.run.FlywayRecorder&amp#27;[39m&amp#27;[38;5;188m] (&amp#27;[39m&amp#27;[38;5;71mmain&amp#27;[39m&amp#27;[38;5;188m) &amp#27;[39m&amp#27;[38;5;151mFiltering out resource: db/migration/V01__create_tables.sql (filename: V01__create_tables.sql)&amp#27;[39m&amp#27;[38;5;203m&amp#27;[39m&amp#27;[38;5;227m
&amp#27;[39m&amp#27;[38;5;145m2025-06-30 15:23:35,717&amp#27;[39m&amp#27;[38;5;188m &amp#27;[39m&amp#27;[38;5;66mDEBUG&amp#27;[39m&amp#27;[38;5;188m [&amp#27;[39m&amp#27;[38;5;69mio.qua.fly.run.FlywayRecorder&amp#27;[39m&amp#27;[38;5;188m] (&amp#27;[39m&amp#27;[38;5;71mmain&amp#27;[39m&amp#27;[38;5;188m) &amp#27;[39m&amp#27;[38;5;151mFiltering out resource: db/migration/V02__alter_table.sql (filename: V02__alter_table.sql)&amp#27;[39m&amp#27;[38;5;203m&amp#27;[39m&amp#27;[38;5;227m
&amp#27;[39m&amp#27;[38;5;145m2025-06-30 15:23:35,718&amp#27;[39m&amp#27;[38;5;188m &amp#27;[39m&amp#27;[38;5;66mDEBUG&amp#27;[39m&amp#27;[38;5;188m [&amp#27;[39m&amp#27;[38;5;69mio.qua.fly.run.FlywayRecorder&amp#27;[39m&amp#27;[38;5;188m] (&amp#27;[39m&amp#27;[38;5;71mmain&amp#27;[39m&amp#27;[38;5;188m) &amp#27;[39m&amp#27;[38;5;151mFiltering out resource: db/migration/V01__create_tables.sql (filename: V01__create_tables.sql)&amp#27;[39m&amp#27;[38;5;203m&amp#27;[39m&amp#27;[38;5;227m
&amp#27;[39m&amp#27;[38;5;145m2025-06-30 15:23:35,718&amp#27;[39m&amp#27;[38;5;188m &amp#27;[39m&amp#27;[38;5;66mDEBUG&amp#27;[39m&amp#27;[38;5;188m [&amp#27;[39m&amp#27;[38;5;69mio.qua.fly.run.FlywayRecorder&amp#27;[39m&amp#27;[38;5;188m] (&amp#27;[39m&amp#27;[38;5;71mmain&amp#27;[39m&amp#27;[38;5;188m) &amp#27;[39m&amp#27;[38;5;151mFiltering out resource: db/migration/V02__alter_table.sql (filename: V02__alter_table.sql)&amp#27;[39m&amp#27;[38;5;203m&amp#27;[39m&amp#27;[38;5;227m
&amp#27;[39m&amp#27;[38;5;145m2025-06-30 15:23:35,719&amp#27;[39m&amp#27;[38;5;188m &amp#27;[39m&amp#27;[38;5;66mDEBUG&amp#27;[39m&amp#27;[38;5;188m [&amp#27;[39m&amp#27;[38;5;69mio.qua.fly.run.FlywayRecorder&amp#27;[39m&amp#27;[38;5;188m] (&amp#27;[39m&amp#27;[38;5;71mmain&amp#27;[39m&amp#27;[38;5;188m) &amp#27;[39m&amp#27;[38;5;151mFiltering out resource: db/migration/V01__create_tables.sql (filename: V01__create_tables.sql)&amp#27;[39m&amp#27;[38;5;203m&amp#27;[39m&amp#27;[38;5;227m
&amp#27;[39m&amp#27;[38;5;145m2025-06-30 15:23:35,735&amp#27;[39m&amp#27;[38;5;188m &amp#27;[39m&amp#27;[38;5;107mINFO &amp#27;[39m&amp#27;[38;5;188m [&amp#27;[39m&amp#27;[38;5;69morg.fly.cor.int.com.DbMigrate&amp#27;[39m&amp#27;[38;5;188m] (&amp#27;[39m&amp#27;[38;5;71mmain&amp#27;[39m&amp#27;[38;5;188m) &amp#27;[39m&amp#27;[38;5;151mCurrent version of schema "public": << Empty Schema >>&amp#27;[39m&amp#27;[38;5;203m&amp#27;[39m&amp#27;[38;5;227m
&amp#27;[39m&amp#27;[38;5;145m2025-06-30 15:23:35,737&amp#27;[39m&amp#27;[38;5;188m &amp#27;[39m&amp#27;[38;5;66mDEBUG&amp#27;[39m&amp#27;[38;5;188m [&amp#27;[39m&amp#27;[38;5;69morg.fly.cor.int.par.Parser&amp#27;[39m&amp#27;[38;5;188m] (&amp#27;[39m&amp#27;[38;5;71mmain&amp#27;[39m&amp#27;[38;5;188m) &amp#27;[39m&amp#27;[38;5;151mParsing V01__create_tables.sql ...&amp#27;[39m&amp#27;[38;5;203m&amp#27;[39m&amp#27;[38;5;227m
&amp#27;[39m&amp#27;[38;5;145m2025-06-30 15:23:35,741&amp#27;[39m&amp#27;[38;5;188m &amp#27;[39m&amp#27;[38;5;66mDEBUG&amp#27;[39m&amp#27;[38;5;188m [&amp#27;[39m&amp#27;[38;5;69morg.fly.cor.int.sql.ParserSqlScript&amp#27;[39m&amp#27;[38;5;188m] (&amp#27;[39m&amp#27;[38;5;71mmain&amp#27;[39m&amp#27;[38;5;188m) &amp#27;[39m&amp#27;[38;5;151mFound statement at line 1: CREATE TABLE regola_classificazione (
    id BIGSERIAL PRIMARY KEY,
    parola_chiave TEXT NOT NULL,
    center VARCHAR(20) NOT NULL CHECK (center IN ('COSTO', 'PROFITTO'))
)&amp#27;[39m&amp#27;[38;5;203m&amp#27;[39m&amp#27;[38;5;227m
&amp#27;[39m&amp#27;[38;5;145m2025-06-30 15:23:35,744&amp#27;[39m&amp#27;[38;5;188m &amp#27;[39m&amp#27;[38;5;66mDEBUG&amp#27;[39m&amp#27;[38;5;188m [&amp#27;[39m&amp#27;[38;5;69morg.fly.cor.int.sql.ParserSqlScript&amp#27;[39m&amp#27;[38;5;188m] (&amp#27;[39m&amp#27;[38;5;71mmain&amp#27;[39m&amp#27;[38;5;188m) &amp#27;[39m&amp#27;[38;5;151mFound statement at line 7: CREATE TABLE transaction (
    id BIGSERIAL PRIMARY KEY,
    transaction_id TEXT,
    booking_date TIMESTAMPTZ,
    value_date TIMESTAMPTZ,
    currency VARCHAR(10),
    amount NUMERIC,
    remittance_information TEXT,
    creditor_name TEXT,
    debtor_name TEXT,
    bank_transaction_code TEXT,
    additional_information TEXT,
    proprietary_bank_transaction_code TEXT,
    account_id TEXT,
    center VARCHAR(20) NOT NULL CHECK (center IN ('COSTO', 'PROFITTO'))
)&amp#27;[39m&amp#27;[38;5;203m&amp#27;[39m&amp#27;[38;5;227m
&amp#27;[39m&amp#27;[38;5;145m2025-06-30 15:23:35,746&amp#27;[39m&amp#27;[38;5;188m &amp#27;[39m&amp#27;[38;5;66mDEBUG&amp#27;[39m&amp#27;[38;5;188m [&amp#27;[39m&amp#27;[38;5;69morg.fly.cor.int.com.DbMigrate&amp#27;[39m&amp#27;[38;5;188m] (&amp#27;[39m&amp#27;[38;5;71mmain&amp#27;[39m&amp#27;[38;5;188m) &amp#27;[39m&amp#27;[38;5;151mStarting migration of schema "public" to version "01 - create tables" ...&amp#27;[39m&amp#27;[38;5;203m&amp#27;[39m&amp#27;[38;5;227m
&amp#27;[39m&amp#27;[38;5;145m2025-06-30 15:23:35,754&amp#27;[39m&amp#27;[38;5;188m &amp#27;[39m&amp#27;[38;5;107mINFO &amp#27;[39m&amp#27;[38;5;188m [&amp#27;[39m&amp#27;[38;5;69morg.fly.cor.int.com.DbMigrate&amp#27;[39m&amp#27;[38;5;188m] (&amp#27;[39m&amp#27;[38;5;71mmain&amp#27;[39m&amp#27;[38;5;188m) &amp#27;[39m&amp#27;[38;5;151mMigrating schema "public" to version "01 - create tables"&amp#27;[39m&amp#27;[38;5;203m&amp#27;[39m&amp#27;[38;5;227m
&amp#27;[39m&amp#27;[38;5;145m2025-06-30 15:23:35,759&amp#27;[39m&amp#27;[38;5;188m &amp#27;[39m&amp#27;[38;5;66mDEBUG&amp#27;[39m&amp#27;[38;5;188m [&amp#27;[39m&amp#27;[38;5;69morg.fly.cor.int.sql.DefaultSqlScriptExecutor&amp#27;[39m&amp#27;[38;5;188m] (&amp#27;[39m&amp#27;[38;5;71mmain&amp#27;[39m&amp#27;[38;5;188m) &amp#27;[39m&amp#27;[38;5;151mExecuting SQL: CREATE TABLE regola_classificazione (
    id BIGSERIAL PRIMARY KEY,
    parola_chiave TEXT NOT NULL,
    center VARCHAR(20) NOT NULL CHECK (center IN ('COSTO', 'PROFITTO'))
)&amp#27;[39m&amp#27;[38;5;203m&amp#27;[39m&amp#27;[38;5;227m
&amp#27;[39m&amp#27;[38;5;145m2025-06-30 15:23:35,769&amp#27;[39m&amp#27;[38;5;188m &amp#27;[39m&amp#27;[38;5;66mDEBUG&amp#27;[39m&amp#27;[38;5;188m [&amp#27;[39m&amp#27;[38;5;69morg.fly.cor.int.sql.DefaultSqlScriptExecutor&amp#27;[39m&amp#27;[38;5;188m] (&amp#27;[39m&amp#27;[38;5;71mmain&amp#27;[39m&amp#27;[38;5;188m) &amp#27;[39m&amp#27;[38;5;151m0 rows affected&amp#27;[39m&amp#27;[38;5;203m&amp#27;[39m&amp#27;[38;5;227m
&amp#27;[39m&amp#27;[38;5;145m2025-06-30 15:23:35,769&amp#27;[39m&amp#27;[38;5;188m &amp#27;[39m&amp#27;[38;5;66mDEBUG&amp#27;[39m&amp#27;[38;5;188m [&amp#27;[39m&amp#27;[38;5;69morg.fly.cor.int.sql.DefaultSqlScriptExecutor&amp#27;[39m&amp#27;[38;5;188m] (&amp#27;[39m&amp#27;[38;5;71mmain&amp#27;[39m&amp#27;[38;5;188m) &amp#27;[39m&amp#27;[38;5;151mExecuting SQL: CREATE TABLE transaction (
    id BIGSERIAL PRIMARY KEY,
    transaction_id TEXT,
    booking_date TIMESTAMPTZ,
    value_date TIMESTAMPTZ,
    currency VARCHAR(10),
    amount NUMERIC,
    remittance_information TEXT,
    creditor_name TEXT,
    debtor_name TEXT,
    bank_transaction_code TEXT,
    additional_information TEXT,
    proprietary_bank_transaction_code TEXT,
    account_id TEXT,
    center VARCHAR(20) NOT NULL CHECK (center IN ('COSTO', 'PROFITTO'))
)&amp#27;[39m&amp#27;[38;5;203m&amp#27;[39m&amp#27;[38;5;227m
&amp#27;[39m&amp#27;[38;5;145m2025-06-30 15:23:35,776&amp#27;[39m&amp#27;[38;5;188m &amp#27;[39m&amp#27;[38;5;66mDEBUG&amp#27;[39m&amp#27;[38;5;188m [&amp#27;[39m&amp#27;[38;5;69morg.fly.cor.int.sql.DefaultSqlScriptExecutor&amp#27;[39m&amp#27;[38;5;188m] (&amp#27;[39m&amp#27;[38;5;71mmain&amp#27;[39m&amp#27;[38;5;188m) &amp#27;[39m&amp#27;[38;5;151m0 rows affected&amp#27;[39m&amp#27;[38;5;203m&amp#27;[39m&amp#27;[38;5;227m
&amp#27;[39m&amp#27;[38;5;145m2025-06-30 15:23:35,777&amp#27;[39m&amp#27;[38;5;188m &amp#27;[39m&amp#27;[38;5;66mDEBUG&amp#27;[39m&amp#27;[38;5;188m [&amp#27;[39m&amp#27;[38;5;69morg.fly.cor.int.com.DbMigrate&amp#27;[39m&amp#27;[38;5;188m] (&amp#27;[39m&amp#27;[38;5;71mmain&amp#27;[39m&amp#27;[38;5;188m) &amp#27;[39m&amp#27;[38;5;151mSuccessfully completed migration of schema "public" to version "01 - create tables"&amp#27;[39m&amp#27;[38;5;203m&amp#27;[39m&amp#27;[38;5;227m
&amp#27;[39m&amp#27;[38;5;145m2025-06-30 15:23:35,796&amp#27;[39m&amp#27;[38;5;188m &amp#27;[39m&amp#27;[38;5;66mDEBUG&amp#27;[39m&amp#27;[38;5;188m [&amp#27;[39m&amp#27;[38;5;69morg.fly.cor.int.sch.JdbcTableSchemaHistory&amp#27;[39m&amp#27;[38;5;188m] (&amp#27;[39m&amp#27;[38;5;71mmain&amp#27;[39m&amp#27;[38;5;188m) &amp#27;[39m&amp#27;[38;5;151mSchema History table "public"."flyway_schema_history" successfully updated to reflect changes&amp#27;[39m&amp#27;[38;5;203m&amp#27;[39m&amp#27;[38;5;227m
&amp#27;[39m&amp#27;[38;5;145m2025-06-30 15:23:35,812&amp#27;[39m&amp#27;[38;5;188m &amp#27;[39m&amp#27;[38;5;66mDEBUG&amp#27;[39m&amp#27;[38;5;188m [&amp#27;[39m&amp#27;[38;5;69morg.fly.cor.api.con.ClassicConfiguration&amp#27;[39m&amp#27;[38;5;188m] (&amp#27;[39m&amp#27;[38;5;71mmain&amp#27;[39m&amp#27;[38;5;188m) &amp#27;[39m&amp#27;[38;5;151mCherryPickConfigurationExtension not found&amp#27;[39m&amp#27;[38;5;203m&amp#27;[39m&amp#27;[38;5;227m
&amp#27;[39m&amp#27;[38;5;145m2025-06-30 15:23:35,824&amp#27;[39m&amp#27;[38;5;188m &amp#27;[39m&amp#27;[38;5;66mDEBUG&amp#27;[39m&amp#27;[38;5;188m [&amp#27;[39m&amp#27;[38;5;69morg.fly.cor.int.par.Parser&amp#27;[39m&amp#27;[38;5;188m] (&amp#27;[39m&amp#27;[38;5;71mmain&amp#27;[39m&amp#27;[38;5;188m) &amp#27;[39m&amp#27;[38;5;151mParsing V02__alter_table.sql ...&amp#27;[39m&amp#27;[38;5;203m&amp#27;[39m&amp#27;[38;5;227m
&amp#27;[39m&amp#27;[38;5;145m2025-06-30 15:23:35,827&amp#27;[39m&amp#27;[38;5;188m &amp#27;[39m&amp#27;[38;5;66mDEBUG&amp#27;[39m&amp#27;[38;5;188m [&amp#27;[39m&amp#27;[38;5;69morg.fly.cor.int.sql.ParserSqlScript&amp#27;[39m&amp#27;[38;5;188m] (&amp#27;[39m&amp#27;[38;5;71mmain&amp#27;[39m&amp#27;[38;5;188m) &amp#27;[39m&amp#27;[38;5;151mFound statement at line 1: ALTER TABLE regola_classificazione
ADD COLUMN json_rule TEXT&amp#27;[39m&amp#27;[38;5;203m&amp#27;[39m&amp#27;[38;5;227m
&amp#27;[39m&amp#27;[38;5;145m2025-06-30 15:23:35,828&amp#27;[39m&amp#27;[38;5;188m &amp#27;[39m&amp#27;[38;5;66mDEBUG&amp#27;[39m&amp#27;[38;5;188m [&amp#27;[39m&amp#27;[38;5;69morg.fly.cor.int.sql.ParserSqlScript&amp#27;[39m&amp#27;[38;5;188m] (&amp#27;[39m&amp#27;[38;5;71mmain&amp#27;[39m&amp#27;[38;5;188m) &amp#27;[39m&amp#27;[38;5;151mFound statement at line 4: ALTER TABLE transaction
ADD CONSTRAINT uk_transaction_id UNIQUE (transaction_id)&amp#27;[39m&amp#27;[38;5;203m&amp#27;[39m&amp#27;[38;5;227m
&amp#27;[39m&amp#27;[38;5;145m2025-06-30 15:23:35,828&amp#27;[39m&amp#27;[38;5;188m &amp#27;[39m&amp#27;[38;5;66mDEBUG&amp#27;[39m&amp#27;[38;5;188m [&amp#27;[39m&amp#27;[38;5;69morg.fly.cor.int.com.DbMigrate&amp#27;[39m&amp#27;[38;5;188m] (&amp#27;[39m&amp#27;[38;5;71mmain&amp#27;[39m&amp#27;[38;5;188m) &amp#27;[39m&amp#27;[38;5;151mStarting migration of schema "public" to version "02 - alter table" ...&amp#27;[39m&amp#27;[38;5;203m&amp#27;[39m&amp#27;[38;5;227m
&amp#27;[39m&amp#27;[38;5;145m2025-06-30 15:23:35,837&amp#27;[39m&amp#27;[38;5;188m &amp#27;[39m&amp#27;[38;5;107mINFO &amp#27;[39m&amp#27;[38;5;188m [&amp#27;[39m&amp#27;[38;5;69morg.fly.cor.int.com.DbMigrate&amp#27;[39m&amp#27;[38;5;188m] (&amp#27;[39m&amp#27;[38;5;71mmain&amp#27;[39m&amp#27;[38;5;188m) &amp#27;[39m&amp#27;[38;5;151mMigrating schema "public" to version "02 - alter table"&amp#27;[39m&amp#27;[38;5;203m&amp#27;[39m&amp#27;[38;5;227m
&amp#27;[39m&amp#27;[38;5;145m2025-06-30 15:23:35,839&amp#27;[39m&amp#27;[38;5;188m &amp#27;[39m&amp#27;[38;5;66mDEBUG&amp#27;[39m&amp#27;[38;5;188m [&amp#27;[39m&amp#27;[38;5;69morg.fly.cor.int.sql.DefaultSqlScriptExecutor&amp#27;[39m&amp#27;[38;5;188m] (&amp#27;[39m&amp#27;[38;5;71mmain&amp#27;[39m&amp#27;[38;5;188m) &amp#27;[39m&amp#27;[38;5;151mExecuting SQL: ALTER TABLE regola_classificazione
ADD COLUMN json_rule TEXT&amp#27;[39m&amp#27;[38;5;203m&amp#27;[39m&amp#27;[38;5;227m
&amp#27;[39m&amp#27;[38;5;145m2025-06-30 15:23:35,842&amp#27;[39m&amp#27;[38;5;188m &amp#27;[39m&amp#27;[38;5;66mDEBUG&amp#27;[39m&amp#27;[38;5;188m [&amp#27;[39m&amp#27;[38;5;69morg.fly.cor.int.sql.DefaultSqlScriptExecutor&amp#27;[39m&amp#27;[38;5;188m] (&amp#27;[39m&amp#27;[38;5;71mmain&amp#27;[39m&amp#27;[38;5;188m) &amp#27;[39m&amp#27;[38;5;151m0 rows affected&amp#27;[39m&amp#27;[38;5;203m&amp#27;[39m&amp#27;[38;5;227m
&amp#27;[39m&amp#27;[38;5;145m2025-06-30 15:23:35,842&amp#27;[39m&amp#27;[38;5;188m &amp#27;[39m&amp#27;[38;5;66mDEBUG&amp#27;[39m&amp#27;[38;5;188m [&amp#27;[39m&amp#27;[38;5;69morg.fly.cor.int.sql.DefaultSqlScriptExecutor&amp#27;[39m&amp#27;[38;5;188m] (&amp#27;[39m&amp#27;[38;5;71mmain&amp#27;[39m&amp#27;[38;5;188m) &amp#27;[39m&amp#27;[38;5;151mExecuting SQL: ALTER TABLE transaction
ADD CONSTRAINT uk_transaction_id UNIQUE (transaction_id)&amp#27;[39m&amp#27;[38;5;203m&amp#27;[39m&amp#27;[38;5;227m
&amp#27;[39m&amp#27;[38;5;145m2025-06-30 15:23:35,845&amp#27;[39m&amp#27;[38;5;188m &amp#27;[39m&amp#27;[38;5;66mDEBUG&amp#27;[39m&amp#27;[38;5;188m [&amp#27;[39m&amp#27;[38;5;69morg.fly.cor.int.sql.DefaultSqlScriptExecutor&amp#27;[39m&amp#27;[38;5;188m] (&amp#27;[39m&amp#27;[38;5;71mmain&amp#27;[39m&amp#27;[38;5;188m) &amp#27;[39m&amp#27;[38;5;151m0 rows affected&amp#27;[39m&amp#27;[38;5;203m&amp#27;[39m&amp#27;[38;5;227m
&amp#27;[39m&amp#27;[38;5;145m2025-06-30 15:23:35,846&amp#27;[39m&amp#27;[38;5;188m &amp#27;[39m&amp#27;[38;5;66mDEBUG&amp#27;[39m&amp#27;[38;5;188m [&amp#27;[39m&amp#27;[38;5;69morg.fly.cor.int.com.DbMigrate&amp#27;[39m&amp#27;[38;5;188m] (&amp#27;[39m&amp#27;[38;5;71mmain&amp#27;[39m&amp#27;[38;5;188m) &amp#27;[39m&amp#27;[38;5;151mSuccessfully completed migration of schema "public" to version "02 - alter table"&amp#27;[39m&amp#27;[38;5;203m&amp#27;[39m&amp#27;[38;5;227m
&amp#27;[39m&amp#27;[38;5;145m2025-06-30 15:23:35,857&amp#27;[39m&amp#27;[38;5;188m &amp#27;[39m&amp#27;[38;5;66mDEBUG&amp#27;[39m&amp#27;[38;5;188m [&amp#27;[39m&amp#27;[38;5;69morg.fly.cor.int.sch.JdbcTableSchemaHistory&amp#27;[39m&amp#27;[38;5;188m] (&amp#27;[39m&amp#27;[38;5;71mmain&amp#27;[39m&amp#27;[38;5;188m) &amp#27;[39m&amp#27;[38;5;151mSchema History table "public"."flyway_schema_history" successfully updated to reflect changes&amp#27;[39m&amp#27;[38;5;203m&amp#27;[39m&amp#27;[38;5;227m
&amp#27;[39m&amp#27;[38;5;145m2025-06-30 15:23:35,872&amp#27;[39m&amp#27;[38;5;188m &amp#27;[39m&amp#27;[38;5;66mDEBUG&amp#27;[39m&amp#27;[38;5;188m [&amp#27;[39m&amp#27;[38;5;69morg.fly.cor.api.con.ClassicConfiguration&amp#27;[39m&amp#27;[38;5;188m] (&amp#27;[39m&amp#27;[38;5;71mmain&amp#27;[39m&amp#27;[38;5;188m) &amp#27;[39m&amp#27;[38;5;151mCherryPickConfigurationExtension not found&amp#27;[39m&amp#27;[38;5;203m&amp#27;[39m&amp#27;[38;5;227m
&amp#27;[39m&amp#27;[38;5;145m2025-06-30 15:23:35,888&amp#27;[39m&amp#27;[38;5;188m &amp#27;[39m&amp#27;[38;5;107mINFO &amp#27;[39m&amp#27;[38;5;188m [&amp#27;[39m&amp#27;[38;5;69morg.fly.cor.int.com.DbMigrate&amp#27;[39m&amp#27;[38;5;188m] (&amp#27;[39m&amp#27;[38;5;71mmain&amp#27;[39m&amp#27;[38;5;188m) &amp#27;[39m&amp#27;[38;5;151mSuccessfully applied 2 migrations to schema "public", now at version v02 (execution time 00:00.047s)&amp#27;[39m&amp#27;[38;5;203m&amp#27;[39m&amp#27;[38;5;227m
&amp#27;[39m&amp#27;[38;5;145m2025-06-30 15:23:35,900&amp#27;[39m&amp#27;[38;5;188m &amp#27;[39m&amp#27;[38;5;66mDEBUG&amp#27;[39m&amp#27;[38;5;188m [&amp#27;[39m&amp#27;[38;5;69morg.fly.cor.FlywayExecutor&amp#27;[39m&amp#27;[38;5;188m] (&amp#27;[39m&amp#27;[38;5;71mmain&amp#27;[39m&amp#27;[38;5;188m) &amp#27;[39m&amp#27;[38;5;151mMemory usage: 96 of 270M&amp#27;[39m&amp#27;[38;5;203m&amp#27;[39m&amp#27;[38;5;227m
&amp#27;[39mRegoleInizialiLoader: Avvio dell'inizializzazione delle regole dopo il completo startup dell'applicazione.
Regole iniziali inserite correttamente.
&amp#27;[38;5;145m2025-06-30 15:23:37,288&amp#27;[39m&amp#27;[38;5;188m &amp#27;[39m&amp#27;[38;5;107mINFO &amp#27;[39m&amp#27;[38;5;188m [&amp#27;[39m&amp#27;[38;5;69mio.quarkus&amp#27;[39m&amp#27;[38;5;188m] (&amp#27;[39m&amp#27;[38;5;71mmain&amp#27;[39m&amp#27;[38;5;188m) &amp#27;[39m&amp#27;[38;5;151m&amp#27;[39m&amp#27;[38;5;188mbank-test 1.0.0-SNAPSHOT&amp#27;[39m &amp#27;[38;5;188mon JVM&amp#27;[39m (powered by Quarkus &amp#27;[38;5;188m3.22.3&amp#27;[39m) started in &amp#27;[38;5;188m11.934&amp#27;[39ms. &amp#27;[38;5;188mListening on: http://localhost:8081&amp#27;[39m&amp#27;[39m&amp#27;[38;5;203m&amp#27;[39m&amp#27;[38;5;227m
&amp#27;[39m&amp#27;[38;5;145m2025-06-30 15:23:37,289&amp#27;[39m&amp#27;[38;5;188m &amp#27;[39m&amp#27;[38;5;107mINFO &amp#27;[39m&amp#27;[38;5;188m [&amp#27;[39m&amp#27;[38;5;69mio.quarkus&amp#27;[39m&amp#27;[38;5;188m] (&amp#27;[39m&amp#27;[38;5;71mmain&amp#27;[39m&amp#27;[38;5;188m) &amp#27;[39m&amp#27;[38;5;151m&amp#27;[39mProfile&amp#27;[38;5;188m&amp#27;[39m &amp#27;[38;5;188mtest&amp#27;[39m activated. &amp#27;[38;5;188m&amp#27;[39m&amp#27;[39m&amp#27;[38;5;203m&amp#27;[39m&amp#27;[38;5;227m
&amp#27;[39m&amp#27;[38;5;145m2025-06-30 15:23:37,289&amp#27;[39m&amp#27;[38;5;188m &amp#27;[39m&amp#27;[38;5;107mINFO &amp#27;[39m&amp#27;[38;5;188m [&amp#27;[39m&amp#27;[38;5;69mio.quarkus&amp#27;[39m&amp#27;[38;5;188m] (&amp#27;[39m&amp#27;[38;5;71mmain&amp#27;[39m&amp#27;[38;5;188m) &amp#27;[39m&amp#27;[38;5;151m&amp#27;[39mInstalled features: [&amp#27;[38;5;188magroal, cdi, compose, flyway, hibernate-orm, hibernate-orm-panache, jdbc-h2, jdbc-postgresql, narayana-jta, rest, rest-client, rest-client-jackson, rest-jackson, scheduler, smallrye-context-propagation, smallrye-openapi, swagger-ui, vertx&amp#27;[39m]&amp#27;[39m&amp#27;[38;5;203m&amp#27;[39m&amp#27;[38;5;227m
&amp#27;[39m]]></system-out>
    <system-err><![CDATA[Mockito is currently self-attaching to enable the inline-mock-maker. This will no longer work in future releases of the JDK. Please add Mockito as an agent to your build as described in Mockito's documentation: https://javadoc.io/doc/org.mockito/mockito-core/latest/org.mockito/org/mockito/Mockito.html#0.3
WARNING: A Java agent has been loaded dynamically (C:\Users\FedericaPanceri\.m2\repository\net\bytebuddy\byte-buddy-agent\1.15.11\byte-buddy-agent-1.15.11.jar)
WARNING: If a serviceability tool is in use, please run with -XX:+EnableDynamicAgentLoading to hide this warning
WARNING: If a serviceability tool is not in use, please run with -Djdk.instrument.traceUsage for more information
WARNING: Dynamic loading of agents will be disallowed by default in a future release
]]></system-err>
  </testcase>
  <testcase name="addRule_shouldReturnBadRequest_whenMissingKeyword" classname="it.coderit.banktestapp.controller.ClassificationRuleControllerTest" time="0.056"/>
  <testcase name="delete_shouldReturnNotFound_whenRuleDoesNotExist" classname="it.coderit.banktestapp.controller.ClassificationRuleControllerTest" time="0.151"/>
  <testcase name="rules_shouldReturnAllRules" classname="it.coderit.banktestapp.controller.ClassificationRuleControllerTest" time="1.517"/>
  <testcase name="delete_shouldReturnInternalServerError_whenDeleteFails" classname="it.coderit.banktestapp.controller.ClassificationRuleControllerTest" time="0.049">
    <system-out><![CDATA[&amp#27;[38;5;145m2025-06-30 15:23:44,565&amp#27;[39m&amp#27;[38;5;188m &amp#27;[39m&amp#27;[38;5;203mERROR&amp#27;[39m&amp#27;[38;5;188m [&amp#27;[39m&amp#27;[38;5;69mit.cod.ban.con.ClassificationRuleController&amp#27;[39m&amp#27;[38;5;188m] (&amp#27;[39m&amp#27;[38;5;71mexecutor-thread-1&amp#27;[39m&amp#27;[38;5;188m) &amp#27;[39m&amp#27;[38;5;151mErrore durante l'eliminazione della regola con ID 1: Errore DB durante delete&amp#27;[39m&amp#27;[38;5;203m: java.lang.RuntimeException: Errore DB durante delete
	at it.coderit.banktestapp.repository.ClassificationRuleRepository.deleteById(ClassificationRuleRepository.java)
	at it.coderit.banktestapp.repository.ClassificationRuleRepository.deleteById(ClassificationRuleRepository.java)
	at it.coderit.banktestapp.repository.ClassificationRuleRepository_ClientProxy.deleteById(Unknown Source)
	at it.coderit.banktestapp.controller.ClassificationRuleController.delete(ClassificationRuleController.java:118)
	at it.coderit.banktestapp.controller.ClassificationRuleController_Subclass.delete$$superforward(Unknown Source)
	at it.coderit.banktestapp.controller.ClassificationRuleController_Subclass$$function$$2.apply(Unknown Source)
	at io.quarkus.arc.impl.AroundInvokeInvocationContext.proceed(AroundInvokeInvocationContext.java:73)
	at io.quarkus.arc.impl.AroundInvokeInvocationContext.proceed(AroundInvokeInvocationContext.java:62)
	at io.quarkus.narayana.jta.runtime.interceptor.TransactionalInterceptorBase.invokeInOurTx(TransactionalInterceptorBase.java:136)
	at io.quarkus.narayana.jta.runtime.interceptor.TransactionalInterceptorBase.invokeInOurTx(TransactionalInterceptorBase.java:107)
	at io.quarkus.narayana.jta.runtime.interceptor.TransactionalInterceptorRequired.doIntercept(TransactionalInterceptorRequired.java:38)
	at io.quarkus.narayana.jta.runtime.interceptor.TransactionalInterceptorBase.intercept(TransactionalInterceptorBase.java:61)
	at io.quarkus.narayana.jta.runtime.interceptor.TransactionalInterceptorRequired.intercept(TransactionalInterceptorRequired.java:32)
	at io.quarkus.narayana.jta.runtime.interceptor.TransactionalInterceptorRequired_Bean.intercept(Unknown Source)
	at io.quarkus.arc.impl.InterceptorInvocation.invoke(InterceptorInvocation.java:42)
	at io.quarkus.arc.impl.AroundInvokeInvocationContext.perform(AroundInvokeInvocationContext.java:30)
	at io.quarkus.arc.impl.InvocationContexts.performAroundInvoke(InvocationContexts.java:27)
	at it.coderit.banktestapp.controller.ClassificationRuleController_Subclass.delete(Unknown Source)
	at it.coderit.banktestapp.controller.ClassificationRuleController$quarkusrestinvoker$delete_4c503f18b21901dc70a60a68f383ed5ceb90851d.invoke(Unknown Source)
	at org.jboss.resteasy.reactive.server.handlers.InvocationHandler.handle(InvocationHandler.java:29)
	at io.quarkus.resteasy.reactive.server.runtime.QuarkusResteasyReactiveRequestContext.invokeHandler(QuarkusResteasyReactiveRequestContext.java:141)
	at org.jboss.resteasy.reactive.common.core.AbstractResteasyReactiveContext.run(AbstractResteasyReactiveContext.java:147)
	at io.quarkus.vertx.core.runtime.VertxCoreRecorder$15.runWith(VertxCoreRecorder.java:637)
	at org.jboss.threads.EnhancedQueueExecutor$Task.doRunWith(EnhancedQueueExecutor.java:2675)
	at org.jboss.threads.EnhancedQueueExecutor$Task.run(EnhancedQueueExecutor.java:2654)
	at org.jboss.threads.EnhancedQueueExecutor.runThreadBody(EnhancedQueueExecutor.java:1627)
	at org.jboss.threads.EnhancedQueueExecutor$ThreadBody.run(EnhancedQueueExecutor.java:1594)
	at org.jboss.threads.DelegatingRunnable.run(DelegatingRunnable.java:11)
	at org.jboss.threads.ThreadLocalResettingRunnable.run(ThreadLocalResettingRunnable.java:11)
	at io.netty.util.concurrent.FastThreadLocalRunnable.run(FastThreadLocalRunnable.java:30)
	at java.base/java.lang.Thread.run(Thread.java:1583)
&amp#27;[39m&amp#27;[38;5;227m
&amp#27;[39m]]></system-out>
  </testcase>
  <testcase name="update_shouldUpdatePartially_whenPartialInput" classname="it.coderit.banktestapp.controller.ClassificationRuleControllerTest" time="0.19"/>
  <testcase name="delete_shouldDeleteRule_whenRuleExists" classname="it.coderit.banktestapp.controller.ClassificationRuleControllerTest" time="0.047"/>
  <testcase name="addRule_ShouldReturnInternalServerError_whenPersistFails" classname="it.coderit.banktestapp.controller.ClassificationRuleControllerTest" time="0.046">
    <system-out><![CDATA[&amp#27;[38;5;145m2025-06-30 15:23:44,867&amp#27;[39m&amp#27;[38;5;188m &amp#27;[39m&amp#27;[38;5;203mERROR&amp#27;[39m&amp#27;[38;5;188m [&amp#27;[39m&amp#27;[38;5;69mit.cod.ban.con.ClassificationRuleController&amp#27;[39m&amp#27;[38;5;188m] (&amp#27;[39m&amp#27;[38;5;71mexecutor-thread-1&amp#27;[39m&amp#27;[38;5;188m) &amp#27;[39m&amp#27;[38;5;151mErrore durante la creazione delle rules: Errore DB simulato&amp#27;[39m&amp#27;[38;5;203m: java.lang.RuntimeException: Errore DB simulato
	at io.quarkus.hibernate.orm.panache.PanacheRepositoryBase.persist(PanacheRepositoryBase.java:66)
	at it.coderit.banktestapp.repository.ClassificationRuleRepository_ClientProxy.persist(Unknown Source)
	at it.coderit.banktestapp.controller.ClassificationRuleController.add(ClassificationRuleController.java:63)
	at it.coderit.banktestapp.controller.ClassificationRuleController_Subclass.add$$superforward(Unknown Source)
	at it.coderit.banktestapp.controller.ClassificationRuleController_Subclass$$function$$1.apply(Unknown Source)
	at io.quarkus.arc.impl.AroundInvokeInvocationContext.proceed(AroundInvokeInvocationContext.java:73)
	at io.quarkus.arc.impl.AroundInvokeInvocationContext.proceed(AroundInvokeInvocationContext.java:62)
	at io.quarkus.narayana.jta.runtime.interceptor.TransactionalInterceptorBase.invokeInOurTx(TransactionalInterceptorBase.java:136)
	at io.quarkus.narayana.jta.runtime.interceptor.TransactionalInterceptorBase.invokeInOurTx(TransactionalInterceptorBase.java:107)
	at io.quarkus.narayana.jta.runtime.interceptor.TransactionalInterceptorRequired.doIntercept(TransactionalInterceptorRequired.java:38)
	at io.quarkus.narayana.jta.runtime.interceptor.TransactionalInterceptorBase.intercept(TransactionalInterceptorBase.java:61)
	at io.quarkus.narayana.jta.runtime.interceptor.TransactionalInterceptorRequired.intercept(TransactionalInterceptorRequired.java:32)
	at io.quarkus.narayana.jta.runtime.interceptor.TransactionalInterceptorRequired_Bean.intercept(Unknown Source)
	at io.quarkus.arc.impl.InterceptorInvocation.invoke(InterceptorInvocation.java:42)
	at io.quarkus.arc.impl.AroundInvokeInvocationContext.perform(AroundInvokeInvocationContext.java:30)
	at io.quarkus.arc.impl.InvocationContexts.performAroundInvoke(InvocationContexts.java:27)
	at it.coderit.banktestapp.controller.ClassificationRuleController_Subclass.add(Unknown Source)
	at it.coderit.banktestapp.controller.ClassificationRuleController$quarkusrestinvoker$add_a4081c98c1be37540bd91537f7a163c4df8c5969.invoke(Unknown Source)
	at org.jboss.resteasy.reactive.server.handlers.InvocationHandler.handle(InvocationHandler.java:29)
	at io.quarkus.resteasy.reactive.server.runtime.QuarkusResteasyReactiveRequestContext.invokeHandler(QuarkusResteasyReactiveRequestContext.java:141)
	at org.jboss.resteasy.reactive.common.core.AbstractResteasyReactiveContext.run(AbstractResteasyReactiveContext.java:147)
	at io.quarkus.vertx.core.runtime.VertxCoreRecorder$15.runWith(VertxCoreRecorder.java:637)
	at org.jboss.threads.EnhancedQueueExecutor$Task.doRunWith(EnhancedQueueExecutor.java:2675)
	at org.jboss.threads.EnhancedQueueExecutor$Task.run(EnhancedQueueExecutor.java:2654)
	at org.jboss.threads.EnhancedQueueExecutor.runThreadBody(EnhancedQueueExecutor.java:1627)
	at org.jboss.threads.EnhancedQueueExecutor$ThreadBody.run(EnhancedQueueExecutor.java:1594)
	at org.jboss.threads.DelegatingRunnable.run(DelegatingRunnable.java:11)
	at org.jboss.threads.ThreadLocalResettingRunnable.run(ThreadLocalResettingRunnable.java:11)
	at io.netty.util.concurrent.FastThreadLocalRunnable.run(FastThreadLocalRunnable.java:30)
	at java.base/java.lang.Thread.run(Thread.java:1583)
&amp#27;[39m&amp#27;[38;5;227m
&amp#27;[39m]]></system-out>
  </testcase>
  <testcase name="rules_shouldReturnEmptyList_whenNoRuleExists" classname="it.coderit.banktestapp.controller.ClassificationRuleControllerTest" time="0.061"/>
  <testcase name="addRule_shouldReturnBadRequest_whenEmptyInput" classname="it.coderit.banktestapp.controller.ClassificationRuleControllerTest" time="0.046"/>
  <testcase name="update_shouldReturnNotFound_whenRuleDoesNotExist" classname="it.coderit.banktestapp.controller.ClassificationRuleControllerTest" time="0.036"/>
  <testcase name="update_shouldReturnInternalServerError_whenUpdateFails" classname="it.coderit.banktestapp.controller.ClassificationRuleControllerTest" time="0.035">
    <system-out><![CDATA[&amp#27;[38;5;145m2025-06-30 15:23:45,070&amp#27;[39m&amp#27;[38;5;188m &amp#27;[39m&amp#27;[38;5;203mERROR&amp#27;[39m&amp#27;[38;5;188m [&amp#27;[39m&amp#27;[38;5;69mit.cod.ban.con.ClassificationRuleController&amp#27;[39m&amp#27;[38;5;188m] (&amp#27;[39m&amp#27;[38;5;71mexecutor-thread-1&amp#27;[39m&amp#27;[38;5;188m) &amp#27;[39m&amp#27;[38;5;151mErrore durante l'aggiornamento della regola con ID 1: Errore DB durante findById&amp#27;[39m&amp#27;[38;5;203m: java.lang.RuntimeException: Errore DB durante findById
	at it.coderit.banktestapp.repository.ClassificationRuleRepository.findById(ClassificationRuleRepository.java)
	at it.coderit.banktestapp.repository.ClassificationRuleRepository.findById(ClassificationRuleRepository.java)
	at it.coderit.banktestapp.repository.ClassificationRuleRepository_ClientProxy.findById(Unknown Source)
	at it.coderit.banktestapp.controller.ClassificationRuleController.update(ClassificationRuleController.java:82)
	at it.coderit.banktestapp.controller.ClassificationRuleController_Subclass.update$$superforward(Unknown Source)
	at it.coderit.banktestapp.controller.ClassificationRuleController_Subclass$$function$$3.apply(Unknown Source)
	at io.quarkus.arc.impl.AroundInvokeInvocationContext.proceed(AroundInvokeInvocationContext.java:73)
	at io.quarkus.arc.impl.AroundInvokeInvocationContext.proceed(AroundInvokeInvocationContext.java:62)
	at io.quarkus.narayana.jta.runtime.interceptor.TransactionalInterceptorBase.invokeInOurTx(TransactionalInterceptorBase.java:136)
	at io.quarkus.narayana.jta.runtime.interceptor.TransactionalInterceptorBase.invokeInOurTx(TransactionalInterceptorBase.java:107)
	at io.quarkus.narayana.jta.runtime.interceptor.TransactionalInterceptorRequired.doIntercept(TransactionalInterceptorRequired.java:38)
	at io.quarkus.narayana.jta.runtime.interceptor.TransactionalInterceptorBase.intercept(TransactionalInterceptorBase.java:61)
	at io.quarkus.narayana.jta.runtime.interceptor.TransactionalInterceptorRequired.intercept(TransactionalInterceptorRequired.java:32)
	at io.quarkus.narayana.jta.runtime.interceptor.TransactionalInterceptorRequired_Bean.intercept(Unknown Source)
	at io.quarkus.arc.impl.InterceptorInvocation.invoke(InterceptorInvocation.java:42)
	at io.quarkus.arc.impl.AroundInvokeInvocationContext.perform(AroundInvokeInvocationContext.java:30)
	at io.quarkus.arc.impl.InvocationContexts.performAroundInvoke(InvocationContexts.java:27)
	at it.coderit.banktestapp.controller.ClassificationRuleController_Subclass.update(Unknown Source)
	at it.coderit.banktestapp.controller.ClassificationRuleController$quarkusrestinvoker$update_30b09a84b60dcc3c54de20cbe09aa0f7f53baab5.invoke(Unknown Source)
	at org.jboss.resteasy.reactive.server.handlers.InvocationHandler.handle(InvocationHandler.java:29)
	at io.quarkus.resteasy.reactive.server.runtime.QuarkusResteasyReactiveRequestContext.invokeHandler(QuarkusResteasyReactiveRequestContext.java:141)
	at org.jboss.resteasy.reactive.common.core.AbstractResteasyReactiveContext.run(AbstractResteasyReactiveContext.java:147)
	at io.quarkus.vertx.core.runtime.VertxCoreRecorder$15.runWith(VertxCoreRecorder.java:637)
	at org.jboss.threads.EnhancedQueueExecutor$Task.doRunWith(EnhancedQueueExecutor.java:2675)
	at org.jboss.threads.EnhancedQueueExecutor$Task.run(EnhancedQueueExecutor.java:2654)
	at org.jboss.threads.EnhancedQueueExecutor.runThreadBody(EnhancedQueueExecutor.java:1627)
	at org.jboss.threads.EnhancedQueueExecutor$ThreadBody.run(EnhancedQueueExecutor.java:1594)
	at org.jboss.threads.DelegatingRunnable.run(DelegatingRunnable.java:11)
	at org.jboss.threads.ThreadLocalResettingRunnable.run(ThreadLocalResettingRunnable.java:11)
	at io.netty.util.concurrent.FastThreadLocalRunnable.run(FastThreadLocalRunnable.java:30)
	at java.base/java.lang.Thread.run(Thread.java:1583)
&amp#27;[39m&amp#27;[38;5;227m
&amp#27;[39m]]></system-out>
  </testcase>
  <testcase name="update_shouldUpdateExistingRule_whenValidInput" classname="it.coderit.banktestapp.controller.ClassificationRuleControllerTest" time="0.119"/>
  <testcase name="addRule_shouldCreateNewRule_whenValidInput" classname="it.coderit.banktestapp.controller.ClassificationRuleControllerTest" time="0.039"/>
  <testcase name="add_shouldReturnBadRequest_whenInputIsNull" classname="it.coderit.banktestapp.controller.ClassificationRuleControllerTest" time="0.039"/>
</testsuite>